#
# There is insufficient memory for the Java Runtime Environment to continue.
# Native memory allocation (malloc) failed to allocate 1687776 bytes for Chunk::new
# Possible reasons:
#   The system is out of physical RAM or swap space
#   The process is running with CompressedOops enabled, and the Java Heap may be blocking the growth of the native heap
# Possible solutions:
#   Reduce memory load on the system
#   Increase physical memory or swap space
#   Check if swap backing store is full
#   Decrease Java heap size (-Xmx/-Xms)
#   Decrease number of Java threads
#   Decrease Java thread stack sizes (-Xss)
#   Set larger code cache with -XX:ReservedCodeCacheSize=
#   JVM is running with Unscaled Compressed Oops mode in which the Java heap is
#     placed in the first 4GB address space. The Java Heap base address is the
#     maximum limit for the native heap growth. Please use -XX:HeapBaseMinAddress
#     to set the Java Heap base and to place the Java Heap above 4GB virtual address.
# This output file may be truncated or incomplete.
#
#  Out of Memory Error (allocation.cpp:389), pid=343464, tid=0x00000000000589dc
#
# JRE version: OpenJDK Runtime Environment (8.0) (build 1.8.0-25-microsoft-b00)
# Java VM: OpenJDK 64-Bit Server VM (25.71-b00 mixed mode windows-amd64 compressed oops)
# Failed to write core dump. Minidumps are not enabled by default on client versions of Windows
#

---------------  T H R E A D  ---------------

Current thread (0x0000000014c8d800):  JavaThread "C2 CompilerThread0" daemon [_thread_in_native, id=362972, stack(0x00000000162e0000,0x00000000163e0000)]

Stack: [0x00000000162e0000,0x00000000163e0000]
[error occurred during error reporting (printing stack bounds), id 0xc0000005]

Native frames: (J=compiled Java code, j=interpreted, Vv=VM code, C=native code)


Current CompileTask:
C2:   6932 3918 %     4       com.android.tools.r8.ir.regalloc.LinearScanRegisterAllocator::a @ 2115 (3993 bytes)


---------------  P R O C E S S  ---------------

Java Threads: ( => current thread )
  0x0000000016d5b000 JavaThread "ForkJoinPool-1-worker-0" daemon [_thread_in_Java, id=361900, stack(0x00000000174e0000,0x00000000175e0000)]
  0x0000000016d5a800 JavaThread "ForkJoinPool-1-worker-1" daemon [_thread_in_Java, id=364308, stack(0x00000000173e0000,0x00000000174e0000)]
  0x000000001660c800 JavaThread "Service Thread" daemon [_thread_blocked, id=351484, stack(0x00000000169e0000,0x0000000016ae0000)]
  0x0000000014c96000 JavaThread "C1 CompilerThread2" daemon [_thread_blocked, id=363872, stack(0x00000000164e0000,0x00000000165e0000)]
  0x0000000014c95000 JavaThread "C2 CompilerThread1" daemon [_thread_in_native, id=355692, stack(0x00000000163e0000,0x00000000164e0000)]
=>0x0000000014c8d800 JavaThread "C2 CompilerThread0" daemon [_thread_in_native, id=362972, stack(0x00000000162e0000,0x00000000163e0000)]
  0x0000000014c9a000 JavaThread "Attach Listener" daemon [_thread_blocked, id=354508, stack(0x00000000161e0000,0x00000000162e0000)]
  0x0000000014c99000 JavaThread "Signal Dispatcher" daemon [_thread_blocked, id=362620, stack(0x00000000160e0000,0x00000000161e0000)]
  0x0000000014c78800 JavaThread "Finalizer" daemon [_thread_blocked, id=354460, stack(0x0000000015ee0000,0x0000000015fe0000)]
  0x00000000024b3800 JavaThread "Reference Handler" daemon [_thread_blocked, id=363264, stack(0x0000000015de0000,0x0000000015ee0000)]
  0x00000000023c2800 JavaThread "main" [_thread_blocked, id=347628, stack(0x0000000000ac0000,0x0000000000bc0000)]

Other Threads:
  0x0000000014c56000 VMThread [stack: 0x0000000015ce0000,0x0000000015de0000] [id=364732]
  0x0000000014ce5800 WatcherThread [stack: 0x0000000016ae0000,0x0000000016be0000] [id=362780]

VM state:not at safepoint (normal execution)

VM Mutex/Monitor currently owned by a thread: None

heap address: 0x00000000c0000000, size: 1024 MB, Compressed Oops mode: 32-bit
Narrow klass base: 0x0000000000000000, Narrow klass shift: 3
Compressed class space size: 1073741824 Address: 0x0000000100000000

Heap:
 PSYoungGen      total 155648K, used 54993K [0x00000000eab00000, 0x00000000fac00000, 0x0000000100000000)
  eden space 133120K, 34% used [0x00000000eab00000,0x00000000ed85c6c0,0x00000000f2d00000)
  from space 22528K, 37% used [0x00000000f2d00000,0x00000000f3558010,0x00000000f4300000)
  to   space 25088K, 0% used [0x00000000f9380000,0x00000000f9380000,0x00000000fac00000)
 ParOldGen       total 87552K, used 62031K [0x00000000c0000000, 0x00000000c5580000, 0x00000000eab00000)
  object space 87552K, 70% used [0x00000000c0000000,0x00000000c3c93cc8,0x00000000c5580000)
 Metaspace       used 15722K, capacity 16532K, committed 16768K, reserved 1064960K
  class space    used 1855K, capacity 2078K, committed 2176K, reserved 1048576K

Card table byte_map: [0x0000000011980000,0x0000000011b90000] byte_map_base: 0x0000000011380000

Marking Bits: (ParMarkBitMap*) 0x0000000064df8f30
 Begin Bits: [0x00000000120f0000, 0x00000000130f0000)
 End Bits:   [0x00000000130f0000, 0x00000000140f0000)

Polling page: 0x0000000000610000

CodeCache: size=245760Kb used=14161Kb max_used=14911Kb free=231598Kb
 bounds [0x00000000025c0000, 0x00000000034b0000, 0x00000000115c0000]
 total_blobs=4026 nmethods=3675 adapters=263
 compilation: enabled

Compilation events (10 events):
Event: 6.921 Thread 0x0000000014c96000 nmethod 4329 0x00000000029cdfd0 code [0x00000000029ce120, 0x00000000029ce290]
Event: 6.921 Thread 0x0000000014c96000 4331       2       com.android.tools.r8.s.a.a.b.v0::<init> (5 bytes)
Event: 6.921 Thread 0x0000000014c96000 nmethod 4331 0x0000000002e44810 code [0x0000000002e44960, 0x0000000002e44ab0]
Event: 6.921 Thread 0x0000000014c96000 4330       2       com.android.tools.r8.s.a.a.a.b::a (25 bytes)
Event: 6.922 Thread 0x0000000014c96000 nmethod 4330 0x0000000002e444d0 code [0x0000000002e44620, 0x0000000002e44790]
Event: 6.922 Thread 0x0000000014c96000 4332       2       com.android.tools.r8.ir.regalloc.i::e (67 bytes)
Event: 6.922 Thread 0x0000000014c96000 nmethod 4332 0x0000000002e43d50 code [0x0000000002e43f00, 0x0000000002e44298]
Event: 6.928 Thread 0x0000000014c96000 4333       2       com.android.tools.r8.u.b.a1::d (10 bytes)
Event: 6.929 Thread 0x0000000014c96000 nmethod 4333 0x0000000002e43950 code [0x0000000002e43ac0, 0x0000000002e43c88]
Event: 6.929 Thread 0x0000000014c96000 4334       2       com.android.tools.r8.code.D3::<init> (7 bytes)

GC Heap History (10 events):
Event: 2.045 GC heap before
{Heap before GC invocations=5 (full 0):
 PSYoungGen      total 71680K, used 71656K [0x00000000eab00000, 0x00000000ef600000, 0x0000000100000000)
  eden space 66560K, 100% used [0x00000000eab00000,0x00000000eec00000,0x00000000eec00000)
  from space 5120K, 99% used [0x00000000ef100000,0x00000000ef5fa060,0x00000000ef600000)
  to   space 5120K, 0% used [0x00000000eec00000,0x00000000eec00000,0x00000000ef100000)
 ParOldGen       total 87552K, used 32251K [0x00000000c0000000, 0x00000000c5580000, 0x00000000eab00000)
  object space 87552K, 36% used [0x00000000c0000000,0x00000000c1f7eca0,0x00000000c5580000)
 Metaspace       used 9411K, capacity 9780K, committed 9984K, reserved 1058816K
  class space    used 1068K, capacity 1166K, committed 1280K, reserved 1048576K
Event: 2.077 GC heap after
Heap after GC invocations=5 (full 0):
 PSYoungGen      total 71680K, used 5112K [0x00000000eab00000, 0x00000000f5b00000, 0x0000000100000000)
  eden space 66560K, 0% used [0x00000000eab00000,0x00000000eab00000,0x00000000eec00000)
  from space 5120K, 99% used [0x00000000eec00000,0x00000000ef0fe060,0x00000000ef100000)
  to   space 23552K, 0% used [0x00000000f4400000,0x00000000f4400000,0x00000000f5b00000)
 ParOldGen       total 87552K, used 46998K [0x00000000c0000000, 0x00000000c5580000, 0x00000000eab00000)
  object space 87552K, 53% used [0x00000000c0000000,0x00000000c2de5980,0x00000000c5580000)
 Metaspace       used 9411K, capacity 9780K, committed 9984K, reserved 1058816K
  class space    used 1068K, capacity 1166K, committed 1280K, reserved 1048576K
}
Event: 2.300 GC heap before
{Heap before GC invocations=6 (full 0):
 PSYoungGen      total 71680K, used 71672K [0x00000000eab00000, 0x00000000f5b00000, 0x0000000100000000)
  eden space 66560K, 100% used [0x00000000eab00000,0x00000000eec00000,0x00000000eec00000)
  from space 5120K, 99% used [0x00000000eec00000,0x00000000ef0fe060,0x00000000ef100000)
  to   space 23552K, 0% used [0x00000000f4400000,0x00000000f4400000,0x00000000f5b00000)
 ParOldGen       total 87552K, used 46998K [0x00000000c0000000, 0x00000000c5580000, 0x00000000eab00000)
  object space 87552K, 53% used [0x00000000c0000000,0x00000000c2de5980,0x00000000c5580000)
 Metaspace       used 9456K, capacity 9844K, committed 10240K, reserved 1058816K
  class space    used 1070K, capacity 1166K, committed 1280K, reserved 1048576K
Event: 2.329 GC heap after
Heap after GC invocations=6 (full 0):
 PSYoungGen      total 154624K, used 15128K [0x00000000eab00000, 0x00000000f5900000, 0x0000000100000000)
  eden space 133120K, 0% used [0x00000000eab00000,0x00000000eab00000,0x00000000f2d00000)
  from space 21504K, 70% used [0x00000000f4400000,0x00000000f52c61a0,0x00000000f5900000)
  to   space 22528K, 0% used [0x00000000f2d00000,0x00000000f2d00000,0x00000000f4300000)
 ParOldGen       total 87552K, used 47006K [0x00000000c0000000, 0x00000000c5580000, 0x00000000eab00000)
  object space 87552K, 53% used [0x00000000c0000000,0x00000000c2de7980,0x00000000c5580000)
 Metaspace       used 9456K, capacity 9844K, committed 10240K, reserved 1058816K
  class space    used 1070K, capacity 1166K, committed 1280K, reserved 1048576K
}
Event: 5.036 GC heap before
{Heap before GC invocations=7 (full 0):
 PSYoungGen      total 154624K, used 148248K [0x00000000eab00000, 0x00000000f5900000, 0x0000000100000000)
  eden space 133120K, 100% used [0x00000000eab00000,0x00000000f2d00000,0x00000000f2d00000)
  from space 21504K, 70% used [0x00000000f4400000,0x00000000f52c61a0,0x00000000f5900000)
  to   space 22528K, 0% used [0x00000000f2d00000,0x00000000f2d00000,0x00000000f4300000)
 ParOldGen       total 87552K, used 47006K [0x00000000c0000000, 0x00000000c5580000, 0x00000000eab00000)
  object space 87552K, 53% used [0x00000000c0000000,0x00000000c2de7980,0x00000000c5580000)
 Metaspace       used 15391K, capacity 16206K, committed 16512K, reserved 1062912K
  class space    used 1830K, capacity 2067K, committed 2176K, reserved 1048576K
Event: 5.071 GC heap after
Heap after GC invocations=7 (full 0):
 PSYoungGen      total 155648K, used 20381K [0x00000000eab00000, 0x00000000f5900000, 0x0000000100000000)
  eden space 133120K, 0% used [0x00000000eab00000,0x00000000eab00000,0x00000000f2d00000)
  from space 22528K, 90% used [0x00000000f2d00000,0x00000000f40e7520,0x00000000f4300000)
  to   space 21504K, 0% used [0x00000000f4400000,0x00000000f4400000,0x00000000f5900000)
 ParOldGen       total 87552K, used 48878K [0x00000000c0000000, 0x00000000c5580000, 0x00000000eab00000)
  object space 87552K, 55% used [0x00000000c0000000,0x00000000c2fbb9a0,0x00000000c5580000)
 Metaspace       used 15391K, capacity 16206K, committed 16512K, reserved 1062912K
  class space    used 1830K, capacity 2067K, committed 2176K, reserved 1048576K
}
Event: 5.912 GC heap before
{Heap before GC invocations=8 (full 0):
 PSYoungGen      total 155648K, used 153501K [0x00000000eab00000, 0x00000000f5900000, 0x0000000100000000)
  eden space 133120K, 100% used [0x00000000eab00000,0x00000000f2d00000,0x00000000f2d00000)
  from space 22528K, 90% used [0x00000000f2d00000,0x00000000f40e7520,0x00000000f4300000)
  to   space 21504K, 0% used [0x00000000f4400000,0x00000000f4400000,0x00000000f5900000)
 ParOldGen       total 87552K, used 48878K [0x00000000c0000000, 0x00000000c5580000, 0x00000000eab00000)
  object space 87552K, 55% used [0x00000000c0000000,0x00000000c2fbb9a0,0x00000000c5580000)
 Metaspace       used 15618K, capacity 16464K, committed 16768K, reserved 1064960K
  class space    used 1847K, capacity 2078K, committed 2176K, reserved 1048576K
Event: 5.943 GC heap after
Heap after GC invocations=8 (full 0):
 PSYoungGen      total 154624K, used 18601K [0x00000000eab00000, 0x00000000f5900000, 0x0000000100000000)
  eden space 133120K, 0% used [0x00000000eab00000,0x00000000eab00000,0x00000000f2d00000)
  from space 21504K, 86% used [0x00000000f4400000,0x00000000f562a488,0x00000000f5900000)
  to   space 22528K, 0% used [0x00000000f2d00000,0x00000000f2d00000,0x00000000f4300000)
 ParOldGen       total 87552K, used 50405K [0x00000000c0000000, 0x00000000c5580000, 0x00000000eab00000)
  object space 87552K, 57% used [0x00000000c0000000,0x00000000c31397d8,0x00000000c5580000)
 Metaspace       used 15618K, capacity 16464K, committed 16768K, reserved 1064960K
  class space    used 1847K, capacity 2078K, committed 2176K, reserved 1048576K
}
Event: 6.541 GC heap before
{Heap before GC invocations=9 (full 0):
 PSYoungGen      total 154624K, used 151721K [0x00000000eab00000, 0x00000000f5900000, 0x0000000100000000)
  eden space 133120K, 100% used [0x00000000eab00000,0x00000000f2d00000,0x00000000f2d00000)
  from space 21504K, 86% used [0x00000000f4400000,0x00000000f562a488,0x00000000f5900000)
  to   space 22528K, 0% used [0x00000000f2d00000,0x00000000f2d00000,0x00000000f4300000)
 ParOldGen       total 87552K, used 50405K [0x00000000c0000000, 0x00000000c5580000, 0x00000000eab00000)
  object space 87552K, 57% used [0x00000000c0000000,0x00000000c31397d8,0x00000000c5580000)
 Metaspace       used 15705K, capacity 16532K, committed 16768K, reserved 1064960K
  class space    used 1855K, capacity 2078K, committed 2176K, reserved 1048576K
Event: 6.590 GC heap after
Heap after GC invocations=9 (full 0):
 PSYoungGen      total 155648K, used 8544K [0x00000000eab00000, 0x00000000fac00000, 0x0000000100000000)
  eden space 133120K, 0% used [0x00000000eab00000,0x00000000eab00000,0x00000000f2d00000)
  from space 22528K, 37% used [0x00000000f2d00000,0x00000000f3558010,0x00000000f4300000)
  to   space 25088K, 0% used [0x00000000f9380000,0x00000000f9380000,0x00000000fac00000)
 ParOldGen       total 87552K, used 62031K [0x00000000c0000000, 0x00000000c5580000, 0x00000000eab00000)
  object space 87552K, 70% used [0x00000000c0000000,0x00000000c3c93cc8,0x00000000c5580000)
 Metaspace       used 15705K, capacity 16532K, committed 16768K, reserved 1064960K
  class space    used 1855K, capacity 2078K, committed 2176K, reserved 1048576K
}

Deoptimization events (10 events):
Event: 5.235 Thread 0x0000000016d5b000 Uncommon trap: reason=unstable_if action=reinterpret pc=0x00000000027fa47c method=java.lang.String.replace(CC)Ljava/lang/String; @ 26
Event: 5.572 Thread 0x0000000016d5b000 Uncommon trap: reason=unstable_if action=reinterpret pc=0x000000000330be08 method=com.android.tools.r8.graph.s0$b.a(ILjava/lang/String;Ljava/lang/String;Ljava/lang/String;[Ljava/lang/String;)Lcom/android/tools/r8/B/a/a/u; @ 40
Event: 5.805 Thread 0x0000000016d5a800 Uncommon trap: reason=unstable_if action=reinterpret pc=0x0000000002cf4f4c method=java.util.concurrent.ConcurrentHashMap.computeIfAbsent(Ljava/lang/Object;Ljava/util/function/Function;)Ljava/lang/Object; @ 281
Event: 5.893 Thread 0x0000000016d5a800 Uncommon trap: reason=unstable_if action=reinterpret pc=0x0000000002aaf684 method=com.android.tools.r8.u.c.o.a(Lcom/android/tools/r8/u/c/M;IZ)V @ 605
Event: 5.970 Thread 0x0000000016d5a800 Uncommon trap: reason=unstable_if action=reinterpret pc=0x0000000002ddf560 method=java.util.HashMap.computeIfAbsent(Ljava/lang/Object;Ljava/util/function/Function;)Ljava/lang/Object; @ 271
Event: 6.224 Thread 0x0000000016d5b000 Uncommon trap: reason=unstable_if action=reinterpret pc=0x0000000002eb62ec method=com.android.tools.r8.u.b.i1.b()Z @ 11
Event: 6.297 Thread 0x0000000016d5a800 Uncommon trap: reason=unstable_if action=reinterpret pc=0x0000000002be4514 method=com.android.tools.r8.u.b.W.a(Lcom/android/tools/r8/u/b/d0;)V @ 8
Event: 6.301 Thread 0x0000000016d5b000 Uncommon trap: reason=unstable_if action=reinterpret pc=0x0000000002953b38 method=com.android.tools.r8.ir.optimize.I.a(Lcom/android/tools/r8/u/b/d0;)Z @ 149
Event: 6.310 Thread 0x0000000016d5b000 Uncommon trap: reason=unstable_if action=reinterpret pc=0x0000000002f91e38 method=java.util.HashMap.resize()[Ljava/util/HashMap$Node; @ 206
Event: 6.468 Thread 0x0000000016d5a800 Uncommon trap: reason=unstable_if action=reinterpret pc=0x000000000315f294 method=com.android.tools.r8.graph.d0.a([C)I @ 44

Classes redefined (0 events):
No events

Internal exceptions (10 events):
Event: 1.166 Thread 0x00000000023c2800 Implicit null exception at 0x00000000028326a5 to 0x0000000002832cf5
Event: 1.167 Thread 0x00000000023c2800 Implicit null exception at 0x00000000028295f8 to 0x0000000002829aa1
Event: 1.590 Thread 0x0000000016d5b000 Implicit null exception at 0x0000000002984f04 to 0x00000000029854d1
Event: 1.590 Thread 0x0000000016d5a800 Implicit null exception at 0x0000000002984f04 to 0x00000000029854d1
Event: 1.706 Thread 0x0000000016d5b000 Implicit null exception at 0x0000000002949eb9 to 0x000000000294a76d
Event: 3.121 Thread 0x0000000016d5b000 Exception <a 'java/lang/NoSuchMethodError': java.lang.Object.lambda$comparingInt$7b0bb60$1(Ljava/util/function/ToIntFunction;Ljava/lang/Object;Ljava/lang/Object;)I> (0x00000000eb959788) thrown at [D:\j\worksp~1\openjd~3\jdk8u\hotspot\src\share\vm\interpre
Event: 3.121 Thread 0x0000000016d5a800 Exception <a 'java/lang/NoSuchMethodError': java.lang.Object.lambda$comparingInt$7b0bb60$1(Ljava/util/function/ToIntFunction;Ljava/lang/Object;Ljava/lang/Object;)I> (0x00000000eb866c88) thrown at [D:\j\worksp~1\openjd~3\jdk8u\hotspot\src\share\vm\interpre
Event: 3.125 Thread 0x0000000016d5b000 Exception <a 'java/lang/NoSuchMethodError': java.lang.Object.lambda$maxBy$1(Ljava/util/Comparator;Ljava/lang/Object;Ljava/lang/Object;)Ljava/lang/Object;> (0x00000000eb9657d0) thrown at [D:\j\worksp~1\openjd~3\jdk8u\hotspot\src\share\vm\interpreter\linkRe
Event: 3.125 Thread 0x0000000016d5a800 Exception <a 'java/lang/NoSuchMethodError': java.lang.Object.lambda$maxBy$1(Ljava/util/Comparator;Ljava/lang/Object;Ljava/lang/Object;)Ljava/lang/Object;> (0x00000000eb86ea80) thrown at [D:\j\worksp~1\openjd~3\jdk8u\hotspot\src\share\vm\interpreter\linkRe
Event: 3.211 Thread 0x0000000016d5a800 Implicit null exception at 0x0000000002a1abb0 to 0x0000000002a1ac91

Events (10 events):
Event: 6.468 Thread 0x0000000016d5a800 DEOPT PACKING pc=0x000000000315f294 sp=0x00000000174de570
Event: 6.468 Thread 0x0000000016d5a800 DEOPT UNPACKING pc=0x000000000260557b sp=0x00000000174de500 mode 2
Event: 6.540 Executing VM operation: ParallelGCFailedAllocation
Event: 6.590 Executing VM operation: ParallelGCFailedAllocation done
Event: 6.674 Thread 0x0000000016d5b000 DEOPT PACKING pc=0x0000000002fa77d9 sp=0x00000000175ddfb0
Event: 6.674 Thread 0x0000000016d5b000 DEOPT UNPACKING pc=0x00000000026075d0 sp=0x00000000175de100 mode 0
Event: 6.818 Thread 0x0000000016d5b000 DEOPT PACKING pc=0x0000000002fa74aa sp=0x00000000175ddfb0
Event: 6.818 Thread 0x0000000016d5b000 DEOPT UNPACKING pc=0x00000000026075d0 sp=0x00000000175de0f0 mode 0
Event: 6.883 Thread 0x0000000016d5a800 DEOPT PACKING pc=0x0000000002fa77d9 sp=0x00000000174de170
Event: 6.884 Thread 0x0000000016d5a800 DEOPT UNPACKING pc=0x00000000026075d0 sp=0x00000000174de2c0 mode 0


Dynamic libraries:
0x00007ff719f80000 - 0x00007ff719fb5000 	C:\Program Files\Android\Jdk\microsoft_dist_openjdk_1.8.0.25\bin\java.exe
0x00007ffb58460000 - 0x00007ffb58650000 	C:\WINDOWS\SYSTEM32\ntdll.dll
0x00007ffb56cc0000 - 0x00007ffb56d72000 	C:\WINDOWS\System32\KERNEL32.DLL
0x00007ffb56060000 - 0x00007ffb56305000 	C:\WINDOWS\System32\KERNELBASE.dll
0x00007ffb56c10000 - 0x00007ffb56cb3000 	C:\WINDOWS\System32\ADVAPI32.dll
0x00007ffb57750000 - 0x00007ffb577ee000 	C:\WINDOWS\System32\msvcrt.dll
0x00007ffb56510000 - 0x00007ffb565a7000 	C:\WINDOWS\System32\sechost.dll
0x00007ffb566f0000 - 0x00007ffb56810000 	C:\WINDOWS\System32\RPCRT4.dll
0x00007ffb568f0000 - 0x00007ffb56a84000 	C:\WINDOWS\System32\USER32.dll
0x00007ffb557a0000 - 0x00007ffb557c1000 	C:\WINDOWS\System32\win32u.dll
0x00007ffb56ed0000 - 0x00007ffb56ef6000 	C:\WINDOWS\System32\GDI32.dll
0x00007ffb553d0000 - 0x00007ffb55566000 	C:\WINDOWS\System32\gdi32full.dll
0x00007ffb55f60000 - 0x00007ffb55ffe000 	C:\WINDOWS\System32\msvcp_win.dll
0x00007ffb56380000 - 0x00007ffb5647a000 	C:\WINDOWS\System32\ucrtbase.dll
0x00007ffb47c70000 - 0x00007ffb47ef4000 	C:\WINDOWS\WinSxS\amd64_microsoft.windows.common-controls_6595b64144ccf1df_6.0.18362.1256_none_9e7e379be45e40e2\COMCTL32.dll
0x00007ffb57160000 - 0x00007ffb57496000 	C:\WINDOWS\System32\combase.dll
0x00007ffb56480000 - 0x00007ffb56501000 	C:\WINDOWS\System32\bcryptPrimitives.dll
0x00007ffb57720000 - 0x00007ffb5774e000 	C:\WINDOWS\System32\IMM32.DLL
0x0000000064e80000 - 0x0000000064f51000 	C:\Program Files\Android\Jdk\microsoft_dist_openjdk_1.8.0.25\jre\bin\msvcr100.dll
0x0000000064630000 - 0x0000000064e75000 	C:\Program Files\Android\Jdk\microsoft_dist_openjdk_1.8.0.25\jre\bin\server\jvm.dll
0x00007ffb56eb0000 - 0x00007ffb56eb8000 	C:\WINDOWS\System32\PSAPI.DLL
0x00007ffb51d40000 - 0x00007ffb51d49000 	C:\WINDOWS\SYSTEM32\WSOCK32.dll
0x00007ffb53270000 - 0x00007ffb53294000 	C:\WINDOWS\SYSTEM32\WINMM.dll
0x00007ffb50550000 - 0x00007ffb5055a000 	C:\WINDOWS\SYSTEM32\VERSION.dll
0x00007ffb57060000 - 0x00007ffb570cf000 	C:\WINDOWS\System32\WS2_32.dll
0x00007ffb53240000 - 0x00007ffb5326d000 	C:\WINDOWS\SYSTEM32\winmmbase.dll
0x00007ffb56310000 - 0x00007ffb5635a000 	C:\WINDOWS\System32\cfgmgr32.dll
0x00007ffb51d00000 - 0x00007ffb51d0f000 	C:\Program Files\Android\Jdk\microsoft_dist_openjdk_1.8.0.25\jre\bin\verify.dll
0x00007ffb38c40000 - 0x00007ffb38c69000 	C:\Program Files\Android\Jdk\microsoft_dist_openjdk_1.8.0.25\jre\bin\java.dll
0x00007ffb43c00000 - 0x00007ffb43c16000 	C:\Program Files\Android\Jdk\microsoft_dist_openjdk_1.8.0.25\jre\bin\zip.dll
0x00007ffb57c60000 - 0x00007ffb58347000 	C:\WINDOWS\System32\SHELL32.dll
0x00007ffb56e00000 - 0x00007ffb56ea9000 	C:\WINDOWS\System32\shcore.dll
0x00007ffb557d0000 - 0x00007ffb55f51000 	C:\WINDOWS\System32\windows.storage.dll
0x00007ffb55310000 - 0x00007ffb55333000 	C:\WINDOWS\System32\profapi.dll
0x00007ffb55360000 - 0x00007ffb553aa000 	C:\WINDOWS\System32\powrprof.dll
0x00007ffb55300000 - 0x00007ffb55310000 	C:\WINDOWS\System32\UMPDC.dll
0x00007ffb576b0000 - 0x00007ffb57702000 	C:\WINDOWS\System32\shlwapi.dll
0x00007ffb553b0000 - 0x00007ffb553c1000 	C:\WINDOWS\System32\kernel.appcore.dll
0x00007ffb56360000 - 0x00007ffb56377000 	C:\WINDOWS\System32\cryptsp.dll
0x00007ffb43160000 - 0x00007ffb4317a000 	C:\Program Files\Android\jdk\microsoft_dist_openjdk_1.8.0.25\jre\bin\net.dll
0x00007ffb54af0000 - 0x00007ffb54b57000 	C:\WINDOWS\system32\mswsock.dll
0x00007ffb41e40000 - 0x00007ffb41e51000 	C:\Program Files\Android\jdk\microsoft_dist_openjdk_1.8.0.25\jre\bin\nio.dll

VM Arguments:
jvm_args: -Xmx1G 
java_command: com.android.tools.r8.D8 --release --min-api 21 --output obj\Release\90\android\bin\ --lib C:\Program Files (x86)\Android\android-sdk\platforms\android-28\android.jar obj\Release\90\android\bin\classes.zip C:\Program Files (x86)\Microsoft Visual Studio\2019\Community\Common7\IDE\ReferenceAssemblies\Microsoft\Framework\MonoAndroid\v9.0\mono.android.jar C:\Program Files (x86)\Microsoft Visual Studio\2019\Community\MSBuild\Xamarin\Android\\java_runtime.jar obj\Release\90\lp\0\jl\formsviewgroup.jar obj\Release\90\lp\10\jl\com.android.support.support-annotations.jar obj\Release\90\lp\11\jl\bin\classes.jar obj\Release\90\lp\12\jl\com.android.support.collections.jar obj\Release\90\lp\13\jl\bin\classes.jar obj\Release\90\lp\14\jl\bin\classes.jar obj\Release\90\lp\15\jl\bin\classes.jar obj\Release\90\lp\16\jl\bin\classes.jar obj\Release\90\lp\17\jl\bin\classes.jar obj\Release\90\lp\18\jl\bin\classes.jar obj\Release\90\lp\19\jl\bin\classes.jar obj\Release\90\lp\2\jl\android.arch.core.common.jar obj\Release\90\lp\20\jl\bin\classes.jar obj\Release\90\lp\21\jl\bin\classes.jar obj\Release\90\lp\22\jl\bin\classes.jar obj\Release\90\lp\23\jl\bin\classes.jar obj\Release\90\lp\24\jl\bin\classes.jar obj\Release\90\lp\25\jl\bin\classes.jar obj\Release\90\lp\26\jl\bin\classes.jar obj\Release\90\lp\27\jl\bin\classes.jar obj\Release\90\lp\28\jl\bin\classes.jar obj\Release\90\lp\29\jl\bin\classes.jar obj\Release\90\lp\3\jl\bin\classes.jar obj\Release\90\lp\30\jl\bin\classes.jar obj\Release\90\lp\31\jl\bin\classes.jar obj\Release\90\lp\33\jl\bin\classes.jar obj\Release\90\lp\34\jl\bin\classes.jar obj\Release\90\lp\35\jl\bin\classes.jar obj\Release\90\lp\36\jl\bin\classes.jar obj\Release\90\lp\37\jl\bin\classes.jar obj\Release\90\lp\38\jl\bin\classes.jar obj\Release\90\lp\4\jl\android.arch.lifecycle.common.jar obj\Release\90\lp\5\jl\bin\classes.jar obj\Release\90\lp\6\jl\bin\classes.jar obj\Release\90\lp\7\jl\bin\classes.jar obj\Release\90\lp\8\jl\bin\classes.jar obj\Release\9
java_class_path (initial): C:\Program Files (x86)\Microsoft Visual Studio\2019\Community\MSBuild\Xamarin\Android\r8.jar
Launcher Type: SUN_STANDARD

Environment Variables:
PATH=C:\Program Files\Android\Jdk\microsoft_dist_openjdk_1.8.0.25\bin;C:\Program Files\AdoptOpenJDK\jdk-15.0.1.9-hotspot\bin;C:\Python39\Scripts\;C:\Python39\;C:\WINDOWS\system32;C:\WINDOWS;C:\WINDOWS\System32\Wbem;C:\WINDOWS\System32\WindowsPowerShell\v1.0\;C:\WINDOWS\System32\OpenSSH\;C:\Program Files\Git\cmd;C:\Program Files\nodejs\;C:\ProgramData\chocolatey\bin;C:\Program Files\PuTTY\;C:\Program Files\dotnet\;C:\Program Files (x86)\NVIDIA Corporation\PhysX\Common;C:\Program Files\NVIDIA Corporation\NVIDIA NvDLISR;C:\Users\hxz\.windows-build-tools\python27\;C:\Users\hxz\AppData\Local\Microsoft\WindowsApps;C:\Users\hxz\AppData\Local\Programs\Microsoft VS Code\bin;C:\Users\hxz\AppData\Roaming\npm;C:\Users\hxz\.dotnet\tools;C:\MinGW\bin;C:\Users\hxz\.dotnet\tools
USERNAME=hxz
OS=Windows_NT
PROCESSOR_IDENTIFIER=Intel64 Family 6 Model 42 Stepping 7, GenuineIntel



---------------  S Y S T E M  ---------------

OS: Windows 10.0 , 64 bit Build 18362 (10.0.18362.1110)

CPU:total 4 (initial active 4) (4 cores per cpu, 1 threads per core) family 6 model 42 stepping 7, cmov, cx8, fxsr, mmx, sse, sse2, sse3, ssse3, sse4.1, sse4.2, popcnt, avx, aes, clmul, tsc, tscinvbit

Memory: 4k page, physical 8310364k(337696k free), swap 33476188k(5460k free)

vm_info: OpenJDK 64-Bit Server VM (25.71-b00) for windows-amd64 JRE (1.8.0-25-microsoft-b00), built on Feb  7 2019 20:09:14 by "builder" with MS VC++ 10.0 (VS2010)

time: Mon Jan 11 19:01:36 2021
timezone: GMT Standard Time
elapsed time: 6 seconds (0d 0h 0m 6s)

