#
# There is insufficient memory for the Java Runtime Environment to continue.
# Native memory allocation (malloc) failed to allocate 1572816 bytes for Chunk::new
# Possible reasons:
#   The system is out of physical RAM or swap space
#   The process is running with CompressedOops enabled, and the Java Heap may be blocking the growth of the native heap
# Possible solutions:
#   Reduce memory load on the system
#   Increase physical memory or swap space
#   Check if swap backing store is full
#   Decrease Java heap size (-Xmx/-Xms)
#   Decrease number of Java threads
#   Decrease Java thread stack sizes (-Xss)
#   Set larger code cache with -XX:ReservedCodeCacheSize=
#   JVM is running with Unscaled Compressed Oops mode in which the Java heap is
#     placed in the first 4GB address space. The Java Heap base address is the
#     maximum limit for the native heap growth. Please use -XX:HeapBaseMinAddress
#     to set the Java Heap base and to place the Java Heap above 4GB virtual address.
# This output file may be truncated or incomplete.
#
#  Out of Memory Error (allocation.cpp:389), pid=391976, tid=0x000000000005fdfc
#
# JRE version: OpenJDK Runtime Environment (8.0) (build 1.8.0-25-microsoft-b00)
# Java VM: OpenJDK 64-Bit Server VM (25.71-b00 mixed mode windows-amd64 compressed oops)
# Failed to write core dump. Minidumps are not enabled by default on client versions of Windows
#

---------------  T H R E A D  ---------------

Current thread (0x000000001551d800):  JavaThread "C2 CompilerThread0" daemon [_thread_in_native, id=392700, stack(0x0000000016b90000,0x0000000016c90000)]

Stack: [0x0000000016b90000,0x0000000016c90000]
[error occurred during error reporting (printing stack bounds), id 0xc0000005]

Native frames: (J=compiled Java code, j=interpreted, Vv=VM code, C=native code)


Current CompileTask:
C2:   8884 4048 %     4       com.android.tools.r8.ir.regalloc.LinearScanRegisterAllocator::a @ 1397 (3993 bytes)


---------------  P R O C E S S  ---------------

Java Threads: ( => current thread )
  0x0000000017c37800 JavaThread "ForkJoinPool-1-worker-0" daemon [_thread_in_Java, id=371512, stack(0x0000000017d90000,0x0000000017e90000)]
  0x0000000017c30800 JavaThread "ForkJoinPool-1-worker-1" daemon [_thread_in_Java, id=379888, stack(0x0000000017c90000,0x0000000017d90000)]
  0x000000001557e000 JavaThread "Service Thread" daemon [_thread_blocked, id=347864, stack(0x0000000017290000,0x0000000017390000)]
  0x0000000015525800 JavaThread "C1 CompilerThread2" daemon [_thread_blocked, id=394512, stack(0x0000000016d90000,0x0000000016e90000)]
  0x0000000015521800 JavaThread "C2 CompilerThread1" daemon [_thread_in_native, id=389916, stack(0x0000000016c90000,0x0000000016d90000)]
=>0x000000001551d800 JavaThread "C2 CompilerThread0" daemon [_thread_in_native, id=392700, stack(0x0000000016b90000,0x0000000016c90000)]
  0x000000001552a800 JavaThread "Attach Listener" daemon [_thread_blocked, id=383980, stack(0x0000000016a90000,0x0000000016b90000)]
  0x0000000015529800 JavaThread "Signal Dispatcher" daemon [_thread_blocked, id=374684, stack(0x0000000016990000,0x0000000016a90000)]
  0x0000000002e4d800 JavaThread "Finalizer" daemon [_thread_blocked, id=388376, stack(0x0000000016790000,0x0000000016890000)]
  0x0000000015509000 JavaThread "Reference Handler" daemon [_thread_blocked, id=386260, stack(0x0000000016690000,0x0000000016790000)]
  0x0000000002d52800 JavaThread "main" [_thread_blocked, id=394052, stack(0x0000000002b60000,0x0000000002c60000)]

Other Threads:
  0x00000000154e6800 VMThread [stack: 0x0000000016590000,0x0000000016690000] [id=393116]
  0x0000000015562000 WatcherThread [stack: 0x0000000017390000,0x0000000017490000] [id=395132]

VM state:not at safepoint (normal execution)

VM Mutex/Monitor currently owned by a thread: None

heap address: 0x00000000c0000000, size: 1024 MB, Compressed Oops mode: 32-bit
Narrow klass base: 0x0000000000000000, Narrow klass shift: 3
Compressed class space size: 1073741824 Address: 0x0000000100000000

Heap:
 PSYoungGen      total 290304K, used 176532K [0x00000000eab00000, 0x00000000fde00000, 0x0000000100000000)
  eden space 266240K, 59% used [0x00000000eab00000,0x00000000f45a72a0,0x00000000faf00000)
  from space 24064K, 75% used [0x00000000fc680000,0x00000000fd83e080,0x00000000fde00000)
  to   space 24064K, 0% used [0x00000000faf00000,0x00000000faf00000,0x00000000fc680000)
 ParOldGen       total 87552K, used 49922K [0x00000000c0000000, 0x00000000c5580000, 0x00000000eab00000)
  object space 87552K, 57% used [0x00000000c0000000,0x00000000c30c0a28,0x00000000c5580000)
 Metaspace       used 15642K, capacity 16480K, committed 16768K, reserved 1064960K
  class space    used 1860K, capacity 2080K, committed 2176K, reserved 1048576K

Card table byte_map: [0x0000000012210000,0x0000000012420000] byte_map_base: 0x0000000011c10000

Marking Bits: (ParMarkBitMap*) 0x0000000065748f30
 Begin Bits: [0x0000000012980000, 0x0000000013980000)
 End Bits:   [0x0000000013980000, 0x0000000014980000)

Polling page: 0x0000000002c60000

CodeCache: size=245760Kb used=14801Kb max_used=14801Kb free=230958Kb
 bounds [0x0000000002e50000, 0x0000000003ce0000, 0x0000000011e50000]
 total_blobs=4261 nmethods=3909 adapters=263
 compilation: enabled

Compilation events (10 events):
Event: 8.845 Thread 0x0000000015525800 4324   !   2       com.android.tools.r8.utils.W::a (72 bytes)
Event: 8.845 Thread 0x0000000015525800 nmethod 4324 0x0000000003ccf210 code [0x0000000003ccf3c0, 0x0000000003ccf7e8]
Event: 8.847 Thread 0x0000000015525800 4325       1       com.android.tools.r8.ProgramResource$ByteResource::getOrigin (5 bytes)
Event: 8.847 Thread 0x0000000015525800 nmethod 4325 0x0000000003ccfa10 code [0x0000000003ccfb60, 0x0000000003ccfc70]
Event: 8.847 Thread 0x0000000015525800 4326       1       com.android.tools.r8.graph.C::W (2 bytes)
Event: 8.847 Thread 0x0000000015525800 nmethod 4326 0x0000000003ccfcd0 code [0x0000000003ccfe20, 0x0000000003ccff30]
Event: 8.857 Thread 0x0000000015525800 4327       2       com.android.tools.r8.code.J0::<init> (72 bytes)
Event: 8.857 Thread 0x0000000015525800 nmethod 4327 0x0000000003ccff90 code [0x0000000003cd00e0, 0x0000000003cd0230]
Event: 8.879 Thread 0x0000000015525800 4328       2       com.android.tools.r8.graph.b::a (42 bytes)
Event: 8.880 Thread 0x0000000015525800 nmethod 4328 0x0000000003cd02d0 code [0x0000000003cd0460, 0x0000000003cd0838]

GC Heap History (10 events):
Event: 3.222 GC heap before
{Heap before GC invocations=4 (full 0):
 PSYoungGen      total 38400K, used 38368K [0x00000000eab00000, 0x00000000ef600000, 0x0000000100000000)
  eden space 33280K, 100% used [0x00000000eab00000,0x00000000ecb80000,0x00000000ecb80000)
  from space 5120K, 99% used [0x00000000ecb80000,0x00000000ed0783f0,0x00000000ed080000)
  to   space 5120K, 0% used [0x00000000ef100000,0x00000000ef100000,0x00000000ef600000)
 ParOldGen       total 87552K, used 23845K [0x00000000c0000000, 0x00000000c5580000, 0x00000000eab00000)
  object space 87552K, 27% used [0x00000000c0000000,0x00000000c1749510,0x00000000c5580000)
 Metaspace       used 8986K, capacity 9318K, committed 9600K, reserved 1058816K
  class space    used 1012K, capacity 1099K, committed 1152K, reserved 1048576K
Event: 3.234 GC heap after
Heap after GC invocations=4 (full 0):
 PSYoungGen      total 71680K, used 5107K [0x00000000eab00000, 0x00000000ef600000, 0x0000000100000000)
  eden space 66560K, 0% used [0x00000000eab00000,0x00000000eab00000,0x00000000eec00000)
  from space 5120K, 99% used [0x00000000ef100000,0x00000000ef5fce30,0x00000000ef600000)
  to   space 5120K, 0% used [0x00000000eec00000,0x00000000eec00000,0x00000000ef100000)
 ParOldGen       total 87552K, used 32104K [0x00000000c0000000, 0x00000000c5580000, 0x00000000eab00000)
  object space 87552K, 36% used [0x00000000c0000000,0x00000000c1f5a180,0x00000000c5580000)
 Metaspace       used 8986K, capacity 9318K, committed 9600K, reserved 1058816K
  class space    used 1012K, capacity 1099K, committed 1152K, reserved 1048576K
}
Event: 3.502 GC heap before
{Heap before GC invocations=5 (full 0):
 PSYoungGen      total 71680K, used 71667K [0x00000000eab00000, 0x00000000ef600000, 0x0000000100000000)
  eden space 66560K, 100% used [0x00000000eab00000,0x00000000eec00000,0x00000000eec00000)
  from space 5120K, 99% used [0x00000000ef100000,0x00000000ef5fce30,0x00000000ef600000)
  to   space 5120K, 0% used [0x00000000eec00000,0x00000000eec00000,0x00000000ef100000)
 ParOldGen       total 87552K, used 32104K [0x00000000c0000000, 0x00000000c5580000, 0x00000000eab00000)
  object space 87552K, 36% used [0x00000000c0000000,0x00000000c1f5a180,0x00000000c5580000)
 Metaspace       used 9422K, capacity 9786K, committed 9984K, reserved 1058816K
  class space    used 1068K, capacity 1167K, committed 1280K, reserved 1048576K
Event: 3.525 GC heap after
Heap after GC invocations=5 (full 0):
 PSYoungGen      total 71680K, used 5105K [0x00000000eab00000, 0x00000000f5b00000, 0x0000000100000000)
  eden space 66560K, 0% used [0x00000000eab00000,0x00000000eab00000,0x00000000eec00000)
  from space 5120K, 99% used [0x00000000eec00000,0x00000000ef0fc7f0,0x00000000ef100000)
  to   space 23552K, 0% used [0x00000000f4400000,0x00000000f4400000,0x00000000f5b00000)
 ParOldGen       total 87552K, used 46947K [0x00000000c0000000, 0x00000000c5580000, 0x00000000eab00000)
  object space 87552K, 53% used [0x00000000c0000000,0x00000000c2dd8c20,0x00000000c5580000)
 Metaspace       used 9422K, capacity 9786K, committed 9984K, reserved 1058816K
  class space    used 1068K, capacity 1167K, committed 1280K, reserved 1048576K
}
Event: 3.728 GC heap before
{Heap before GC invocations=6 (full 0):
 PSYoungGen      total 71680K, used 71665K [0x00000000eab00000, 0x00000000f5b00000, 0x0000000100000000)
  eden space 66560K, 100% used [0x00000000eab00000,0x00000000eec00000,0x00000000eec00000)
  from space 5120K, 99% used [0x00000000eec00000,0x00000000ef0fc7f0,0x00000000ef100000)
  to   space 23552K, 0% used [0x00000000f4400000,0x00000000f4400000,0x00000000f5b00000)
 ParOldGen       total 87552K, used 46947K [0x00000000c0000000, 0x00000000c5580000, 0x00000000eab00000)
  object space 87552K, 53% used [0x00000000c0000000,0x00000000c2dd8c20,0x00000000c5580000)
 Metaspace       used 9464K, capacity 9786K, committed 9984K, reserved 1058816K
  class space    used 1070K, capacity 1167K, committed 1280K, reserved 1048576K
Event: 3.763 GC heap after
Heap after GC invocations=6 (full 0):
 PSYoungGen      total 153600K, used 14706K [0x00000000eab00000, 0x00000000f5800000, 0x0000000100000000)
  eden space 133120K, 0% used [0x00000000eab00000,0x00000000eab00000,0x00000000f2d00000)
  from space 20480K, 71% used [0x00000000f4400000,0x00000000f525c920,0x00000000f5800000)
  to   space 22016K, 0% used [0x00000000f2d00000,0x00000000f2d00000,0x00000000f4280000)
 ParOldGen       total 87552K, used 46947K [0x00000000c0000000, 0x00000000c5580000, 0x00000000eab00000)
  object space 87552K, 53% used [0x00000000c0000000,0x00000000c2dd8c20,0x00000000c5580000)
 Metaspace       used 9464K, capacity 9786K, committed 9984K, reserved 1058816K
  class space    used 1070K, capacity 1167K, committed 1280K, reserved 1048576K
}
Event: 7.229 GC heap before
{Heap before GC invocations=7 (full 0):
 PSYoungGen      total 153600K, used 147826K [0x00000000eab00000, 0x00000000f5800000, 0x0000000100000000)
  eden space 133120K, 100% used [0x00000000eab00000,0x00000000f2d00000,0x00000000f2d00000)
  from space 20480K, 71% used [0x00000000f4400000,0x00000000f525c920,0x00000000f5800000)
  to   space 22016K, 0% used [0x00000000f2d00000,0x00000000f2d00000,0x00000000f4280000)
 ParOldGen       total 87552K, used 46947K [0x00000000c0000000, 0x00000000c5580000, 0x00000000eab00000)
  object space 87552K, 53% used [0x00000000c0000000,0x00000000c2dd8c20,0x00000000c5580000)
 Metaspace       used 15362K, capacity 16112K, committed 16128K, reserved 1062912K
  class space    used 1832K, capacity 2038K, committed 2048K, reserved 1048576K
Event: 7.264 GC heap after
Heap after GC invocations=7 (full 0):
 PSYoungGen      total 155136K, used 19840K [0x00000000eab00000, 0x00000000fde00000, 0x0000000100000000)
  eden space 133120K, 0% used [0x00000000eab00000,0x00000000eab00000,0x00000000f2d00000)
  from space 22016K, 90% used [0x00000000f2d00000,0x00000000f4060088,0x00000000f4280000)
  to   space 24064K, 0% used [0x00000000fc680000,0x00000000fc680000,0x00000000fde00000)
 ParOldGen       total 87552K, used 48459K [0x00000000c0000000, 0x00000000c5580000, 0x00000000eab00000)
  object space 87552K, 55% used [0x00000000c0000000,0x00000000c2f52c30,0x00000000c5580000)
 Metaspace       used 15362K, capacity 16112K, committed 16128K, reserved 1062912K
  class space    used 1832K, capacity 2038K, committed 2048K, reserved 1048576K
}
Event: 7.841 GC heap before
{Heap before GC invocations=8 (full 0):
 PSYoungGen      total 155136K, used 152960K [0x00000000eab00000, 0x00000000fde00000, 0x0000000100000000)
  eden space 133120K, 100% used [0x00000000eab00000,0x00000000f2d00000,0x00000000f2d00000)
  from space 22016K, 90% used [0x00000000f2d00000,0x00000000f4060088,0x00000000f4280000)
  to   space 24064K, 0% used [0x00000000fc680000,0x00000000fc680000,0x00000000fde00000)
 ParOldGen       total 87552K, used 48459K [0x00000000c0000000, 0x00000000c5580000, 0x00000000eab00000)
  object space 87552K, 55% used [0x00000000c0000000,0x00000000c2f52c30,0x00000000c5580000)
 Metaspace       used 15559K, capacity 16392K, committed 16512K, reserved 1062912K
  class space    used 1855K, capacity 2080K, committed 2176K, reserved 1048576K
Event: 7.885 GC heap after
Heap after GC invocations=8 (full 0):
 PSYoungGen      total 290304K, used 18168K [0x00000000eab00000, 0x00000000fde00000, 0x0000000100000000)
  eden space 266240K, 0% used [0x00000000eab00000,0x00000000eab00000,0x00000000faf00000)
  from space 24064K, 75% used [0x00000000fc680000,0x00000000fd83e080,0x00000000fde00000)
  to   space 24064K, 0% used [0x00000000faf00000,0x00000000faf00000,0x00000000fc680000)
 ParOldGen       total 87552K, used 49922K [0x00000000c0000000, 0x00000000c5580000, 0x00000000eab00000)
  object space 87552K, 57% used [0x00000000c0000000,0x00000000c30c0a28,0x00000000c5580000)
 Metaspace       used 15559K, capacity 16392K, committed 16512K, reserved 1062912K
  class space    used 1855K, capacity 2080K, committed 2176K, reserved 1048576K
}

Deoptimization events (10 events):
Event: 7.965 Thread 0x0000000017c37800 Uncommon trap: reason=class_check action=maybe_recompile pc=0x0000000003c571f0 method=com.android.tools.r8.u.c.o.a(Lcom/android/tools/r8/u/c/M;IZ)V @ 526
Event: 7.967 Thread 0x0000000017c37800 Uncommon trap: reason=unstable_if action=reinterpret pc=0x0000000003c566d8 method=com.android.tools.r8.v.a.a.a.f.e.equals(Ljava/lang/Object;)Z @ 33
Event: 7.980 Thread 0x0000000017c37800 Uncommon trap: reason=unstable_if action=reinterpret pc=0x000000000363a7b8 method=java.util.HashMap.getNode(ILjava/lang/Object;)Ljava/util/HashMap$Node; @ 129
Event: 8.158 Thread 0x0000000017c30800 Uncommon trap: reason=unstable_if action=reinterpret pc=0x00000000035352b8 method=java.util.concurrent.ConcurrentHashMap.computeIfAbsent(Ljava/lang/Object;Ljava/util/function/Function;)Ljava/lang/Object; @ 281
Event: 8.168 Thread 0x0000000017c30800 Uncommon trap: reason=class_check action=maybe_recompile pc=0x0000000003bace6c method=com.android.tools.r8.u.a.h.e.b(Lcom/android/tools/r8/u/b/d0;)V @ 244
Event: 8.170 Thread 0x0000000017c30800 Uncommon trap: reason=bimorphic action=maybe_recompile pc=0x000000000348a7cc method=java.util.Arrays.equals([Ljava/lang/Object;[Ljava/lang/Object;)Z @ 62
Event: 8.170 Thread 0x0000000017c30800 Uncommon trap: reason=bimorphic action=maybe_recompile pc=0x000000000348a7cc method=java.util.Arrays.equals([Ljava/lang/Object;[Ljava/lang/Object;)Z @ 62
Event: 8.552 Thread 0x0000000017c37800 Uncommon trap: reason=class_check action=maybe_recompile pc=0x0000000003a883ec method=com.android.tools.r8.v.a.a.a.f.x0.putAll(Ljava/util/Map;)V @ 47
Event: 8.612 Thread 0x0000000017c37800 Uncommon trap: reason=class_check action=maybe_recompile pc=0x0000000003a883ec method=com.android.tools.r8.v.a.a.a.f.x0.putAll(Ljava/util/Map;)V @ 47
Event: 8.619 Thread 0x0000000017c37800 Uncommon trap: reason=class_check action=maybe_recompile pc=0x0000000003a883ec method=com.android.tools.r8.v.a.a.a.f.x0.putAll(Ljava/util/Map;)V @ 47

Classes redefined (0 events):
No events

Internal exceptions (10 events):
Event: 2.337 Thread 0x0000000002d52800 Exception <a 'java/security/PrivilegedActionException'> (0x00000000ec5bc6b0) thrown at [D:\j\worksp~1\openjd~3\jdk8u\hotspot\src\share\vm\prims\jvm.cpp, line 1508]
Event: 2.337 Thread 0x0000000002d52800 Exception <a 'java/security/PrivilegedActionException'> (0x00000000ec5bc8c0) thrown at [D:\j\worksp~1\openjd~3\jdk8u\hotspot\src\share\vm\prims\jvm.cpp, line 1508]
Event: 2.427 Thread 0x0000000002d52800 Implicit null exception at 0x00000000030be8fc to 0x00000000030bf291
Event: 2.481 Thread 0x0000000002d52800 Implicit null exception at 0x00000000030c0dbc to 0x00000000030c1751
Event: 2.497 Thread 0x0000000002d52800 Implicit null exception at 0x00000000030b8025 to 0x00000000030b8675
Event: 2.502 Thread 0x0000000002d52800 Implicit null exception at 0x00000000030b4138 to 0x00000000030b45e1
Event: 4.245 Thread 0x0000000017c37800 Exception <a 'java/lang/NoSuchMethodError': java.lang.Object.lambda$comparingInt$7b0bb60$1(Ljava/util/function/ToIntFunction;Ljava/lang/Object;Ljava/lang/Object;)I> (0x00000000ebc118d0) thrown at [D:\j\worksp~1\openjd~3\jdk8u\hotspot\src\share\vm\interpre
Event: 4.245 Thread 0x0000000017c30800 Exception <a 'java/lang/NoSuchMethodError': java.lang.Object.lambda$comparingInt$7b0bb60$1(Ljava/util/function/ToIntFunction;Ljava/lang/Object;Ljava/lang/Object;)I> (0x00000000ebd16cf0) thrown at [D:\j\worksp~1\openjd~3\jdk8u\hotspot\src\share\vm\interpre
Event: 4.255 Thread 0x0000000017c37800 Exception <a 'java/lang/NoSuchMethodError': java.lang.Object.lambda$maxBy$1(Ljava/util/Comparator;Ljava/lang/Object;Ljava/lang/Object;)Ljava/lang/Object;> (0x00000000ebc1d8c0) thrown at [D:\j\worksp~1\openjd~3\jdk8u\hotspot\src\share\vm\interpreter\linkRe
Event: 4.255 Thread 0x0000000017c30800 Exception <a 'java/lang/NoSuchMethodError': java.lang.Object.lambda$maxBy$1(Ljava/util/Comparator;Ljava/lang/Object;Ljava/lang/Object;)Ljava/lang/Object;> (0x00000000ebd22ac8) thrown at [D:\j\worksp~1\openjd~3\jdk8u\hotspot\src\share\vm\interpreter\linkRe

Events (10 events):
Event: 8.818 loading class com/android/tools/r8/code/o3
Event: 8.818 loading class com/android/tools/r8/code/o3 done
Event: 8.818 loading class com/android/tools/r8/code/l3
Event: 8.818 loading class com/android/tools/r8/code/l3 done
Event: 8.818 loading class com/android/tools/r8/code/m3
Event: 8.818 loading class com/android/tools/r8/code/m3 done
Event: 8.818 loading class com/android/tools/r8/code/p3
Event: 8.818 loading class com/android/tools/r8/code/p3 done
Event: 8.823 Thread 0x0000000017c30800 DEOPT PACKING pc=0x0000000003bab28c sp=0x0000000017d8d380
Event: 8.823 Thread 0x0000000017c30800 DEOPT UNPACKING pc=0x0000000002e975d0 sp=0x0000000017d8d108 mode 0


Dynamic libraries:
0x00007ff7606f0000 - 0x00007ff760725000 	C:\Program Files\Android\Jdk\microsoft_dist_openjdk_1.8.0.25\bin\java.exe
0x00007ffb58460000 - 0x00007ffb58650000 	C:\WINDOWS\SYSTEM32\ntdll.dll
0x00007ffb56cc0000 - 0x00007ffb56d72000 	C:\WINDOWS\System32\KERNEL32.DLL
0x00007ffb56060000 - 0x00007ffb56305000 	C:\WINDOWS\System32\KERNELBASE.dll
0x00007ffb56c10000 - 0x00007ffb56cb3000 	C:\WINDOWS\System32\ADVAPI32.dll
0x00007ffb57750000 - 0x00007ffb577ee000 	C:\WINDOWS\System32\msvcrt.dll
0x00007ffb56510000 - 0x00007ffb565a7000 	C:\WINDOWS\System32\sechost.dll
0x00007ffb566f0000 - 0x00007ffb56810000 	C:\WINDOWS\System32\RPCRT4.dll
0x00007ffb568f0000 - 0x00007ffb56a84000 	C:\WINDOWS\System32\USER32.dll
0x00007ffb557a0000 - 0x00007ffb557c1000 	C:\WINDOWS\System32\win32u.dll
0x00007ffb56ed0000 - 0x00007ffb56ef6000 	C:\WINDOWS\System32\GDI32.dll
0x00007ffb553d0000 - 0x00007ffb55566000 	C:\WINDOWS\System32\gdi32full.dll
0x00007ffb55f60000 - 0x00007ffb55ffe000 	C:\WINDOWS\System32\msvcp_win.dll
0x00007ffb56380000 - 0x00007ffb5647a000 	C:\WINDOWS\System32\ucrtbase.dll
0x00007ffb47c70000 - 0x00007ffb47ef4000 	C:\WINDOWS\WinSxS\amd64_microsoft.windows.common-controls_6595b64144ccf1df_6.0.18362.1256_none_9e7e379be45e40e2\COMCTL32.dll
0x00007ffb57160000 - 0x00007ffb57496000 	C:\WINDOWS\System32\combase.dll
0x00007ffb56480000 - 0x00007ffb56501000 	C:\WINDOWS\System32\bcryptPrimitives.dll
0x00007ffb57720000 - 0x00007ffb5774e000 	C:\WINDOWS\System32\IMM32.DLL
0x00000000657d0000 - 0x00000000658a1000 	C:\Program Files\Android\Jdk\microsoft_dist_openjdk_1.8.0.25\jre\bin\msvcr100.dll
0x0000000064f80000 - 0x00000000657c5000 	C:\Program Files\Android\Jdk\microsoft_dist_openjdk_1.8.0.25\jre\bin\server\jvm.dll
0x00007ffb56eb0000 - 0x00007ffb56eb8000 	C:\WINDOWS\System32\PSAPI.DLL
0x00007ffb53270000 - 0x00007ffb53294000 	C:\WINDOWS\SYSTEM32\WINMM.dll
0x00007ffb50550000 - 0x00007ffb5055a000 	C:\WINDOWS\SYSTEM32\VERSION.dll
0x00007ffb51dc0000 - 0x00007ffb51dc9000 	C:\WINDOWS\SYSTEM32\WSOCK32.dll
0x00007ffb57060000 - 0x00007ffb570cf000 	C:\WINDOWS\System32\WS2_32.dll
0x00007ffb53240000 - 0x00007ffb5326d000 	C:\WINDOWS\SYSTEM32\winmmbase.dll
0x00007ffb56310000 - 0x00007ffb5635a000 	C:\WINDOWS\System32\cfgmgr32.dll
0x00007ffb51db0000 - 0x00007ffb51dbf000 	C:\Program Files\Android\Jdk\microsoft_dist_openjdk_1.8.0.25\jre\bin\verify.dll
0x00007ffb43720000 - 0x00007ffb43749000 	C:\Program Files\Android\Jdk\microsoft_dist_openjdk_1.8.0.25\jre\bin\java.dll
0x00007ffb4ba20000 - 0x00007ffb4ba36000 	C:\Program Files\Android\Jdk\microsoft_dist_openjdk_1.8.0.25\jre\bin\zip.dll
0x00007ffb57c60000 - 0x00007ffb58347000 	C:\WINDOWS\System32\SHELL32.dll
0x00007ffb56e00000 - 0x00007ffb56ea9000 	C:\WINDOWS\System32\shcore.dll
0x00007ffb557d0000 - 0x00007ffb55f51000 	C:\WINDOWS\System32\windows.storage.dll
0x00007ffb55310000 - 0x00007ffb55333000 	C:\WINDOWS\System32\profapi.dll
0x00007ffb55360000 - 0x00007ffb553aa000 	C:\WINDOWS\System32\powrprof.dll
0x00007ffb55300000 - 0x00007ffb55310000 	C:\WINDOWS\System32\UMPDC.dll
0x00007ffb576b0000 - 0x00007ffb57702000 	C:\WINDOWS\System32\shlwapi.dll
0x00007ffb553b0000 - 0x00007ffb553c1000 	C:\WINDOWS\System32\kernel.appcore.dll
0x00007ffb56360000 - 0x00007ffb56377000 	C:\WINDOWS\System32\cryptsp.dll
0x00007ffb4b3c0000 - 0x00007ffb4b3da000 	C:\Program Files\Android\jdk\microsoft_dist_openjdk_1.8.0.25\jre\bin\net.dll
0x00007ffb54af0000 - 0x00007ffb54b57000 	C:\WINDOWS\system32\mswsock.dll
0x00007ffb46b00000 - 0x00007ffb46b11000 	C:\Program Files\Android\jdk\microsoft_dist_openjdk_1.8.0.25\jre\bin\nio.dll

VM Arguments:
jvm_args: -Xmx1G 
java_command: com.android.tools.r8.D8 --debug --min-api 21 --output obj\Debug\90\android\bin\ --lib C:\Program Files (x86)\Android\android-sdk\platforms\android-28\android.jar obj\Debug\90\android\bin\classes.zip C:\Program Files (x86)\Microsoft Visual Studio\2019\Community\Common7\IDE\ReferenceAssemblies\Microsoft\Framework\MonoAndroid\v9.0\mono.android.jar C:\Program Files (x86)\Microsoft Visual Studio\2019\Community\MSBuild\Xamarin\Android\java_runtime_fastdev.jar obj\Debug\90\lp\0\jl\formsviewgroup.jar obj\Debug\90\lp\10\jl\com.android.support.support-annotations.jar obj\Debug\90\lp\11\jl\bin\classes.jar obj\Debug\90\lp\12\jl\com.android.support.collections.jar obj\Debug\90\lp\13\jl\bin\classes.jar obj\Debug\90\lp\14\jl\bin\classes.jar obj\Debug\90\lp\15\jl\bin\classes.jar obj\Debug\90\lp\16\jl\bin\classes.jar obj\Debug\90\lp\17\jl\bin\classes.jar obj\Debug\90\lp\18\jl\bin\classes.jar obj\Debug\90\lp\19\jl\bin\classes.jar obj\Debug\90\lp\2\jl\android.arch.core.common.jar obj\Debug\90\lp\20\jl\bin\classes.jar obj\Debug\90\lp\21\jl\bin\classes.jar obj\Debug\90\lp\22\jl\bin\classes.jar obj\Debug\90\lp\23\jl\bin\classes.jar obj\Debug\90\lp\24\jl\bin\classes.jar obj\Debug\90\lp\25\jl\bin\classes.jar obj\Debug\90\lp\26\jl\bin\classes.jar obj\Debug\90\lp\27\jl\bin\classes.jar obj\Debug\90\lp\28\jl\bin\classes.jar obj\Debug\90\lp\29\jl\bin\classes.jar obj\Debug\90\lp\3\jl\bin\classes.jar obj\Debug\90\lp\30\jl\bin\classes.jar obj\Debug\90\lp\31\jl\bin\classes.jar obj\Debug\90\lp\33\jl\bin\classes.jar obj\Debug\90\lp\34\jl\bin\classes.jar obj\Debug\90\lp\35\jl\bin\classes.jar obj\Debug\90\lp\36\jl\bin\classes.jar obj\Debug\90\lp\37\jl\bin\classes.jar obj\Debug\90\lp\38\jl\bin\classes.jar obj\Debug\90\lp\4\jl\android.arch.lifecycle.common.jar obj\Debug\90\lp\5\jl\bin\classes.jar obj\Debug\90\lp\6\jl\bin\classes.jar obj\Debug\90\lp\7\jl\bin\classes.jar obj\Debug\90\lp\8\jl\bin\classes.jar obj\Debug\90\lp\9\jl\bin\classes.jar
java_class_path (initial): C:\Program Files (x86)\Microsoft Visual Studio\2019\Community\MSBuild\Xamarin\Android\r8.jar
Launcher Type: SUN_STANDARD

Environment Variables:
PATH=C:\Program Files\Android\Jdk\microsoft_dist_openjdk_1.8.0.25\bin;C:\Program Files\AdoptOpenJDK\jdk-15.0.1.9-hotspot\bin;C:\Python39\Scripts\;C:\Python39\;C:\WINDOWS\system32;C:\WINDOWS;C:\WINDOWS\System32\Wbem;C:\WINDOWS\System32\WindowsPowerShell\v1.0\;C:\WINDOWS\System32\OpenSSH\;C:\Program Files\Git\cmd;C:\Program Files\nodejs\;C:\ProgramData\chocolatey\bin;C:\Program Files\PuTTY\;C:\Program Files\dotnet\;C:\Program Files (x86)\NVIDIA Corporation\PhysX\Common;C:\Program Files\NVIDIA Corporation\NVIDIA NvDLISR;C:\Users\hxz\.windows-build-tools\python27\;C:\Users\hxz\AppData\Local\Microsoft\WindowsApps;C:\Users\hxz\AppData\Local\Programs\Microsoft VS Code\bin;C:\Users\hxz\AppData\Roaming\npm;C:\Users\hxz\.dotnet\tools;C:\MinGW\bin;C:\Users\hxz\.dotnet\tools
USERNAME=hxz
OS=Windows_NT
PROCESSOR_IDENTIFIER=Intel64 Family 6 Model 42 Stepping 7, GenuineIntel



---------------  S Y S T E M  ---------------

OS: Windows 10.0 , 64 bit Build 18362 (10.0.18362.1110)

CPU:total 4 (initial active 4) (4 cores per cpu, 1 threads per core) family 6 model 42 stepping 7, cmov, cx8, fxsr, mmx, sse, sse2, sse3, ssse3, sse4.1, sse4.2, popcnt, avx, aes, clmul, tsc, tscinvbit

Memory: 4k page, physical 8310364k(307876k free), swap 33476188k(5648k free)

vm_info: OpenJDK 64-Bit Server VM (25.71-b00) for windows-amd64 JRE (1.8.0-25-microsoft-b00), built on Feb  7 2019 20:09:14 by "builder" with MS VC++ 10.0 (VS2010)

time: Fri Jan 15 23:38:48 2021
timezone: GMT Standard Time
elapsed time: 8 seconds (0d 0h 0m 8s)

