#
# There is insufficient memory for the Java Runtime Environment to continue.
# Native memory allocation (malloc) failed to allocate 65552 bytes for Chunk::new
# Possible reasons:
#   The system is out of physical RAM or swap space
#   The process is running with CompressedOops enabled, and the Java Heap may be blocking the growth of the native heap
# Possible solutions:
#   Reduce memory load on the system
#   Increase physical memory or swap space
#   Check if swap backing store is full
#   Decrease Java heap size (-Xmx/-Xms)
#   Decrease number of Java threads
#   Decrease Java thread stack sizes (-Xss)
#   Set larger code cache with -XX:ReservedCodeCacheSize=
#   JVM is running with Unscaled Compressed Oops mode in which the Java heap is
#     placed in the first 4GB address space. The Java Heap base address is the
#     maximum limit for the native heap growth. Please use -XX:HeapBaseMinAddress
#     to set the Java Heap base and to place the Java Heap above 4GB virtual address.
# This output file may be truncated or incomplete.
#
#  Out of Memory Error (allocation.cpp:389), pid=358000, tid=0x0000000000056e4c
#
# JRE version: OpenJDK Runtime Environment (8.0) (build 1.8.0-25-microsoft-b00)
# Java VM: OpenJDK 64-Bit Server VM (25.71-b00 mixed mode windows-amd64 compressed oops)
# Failed to write core dump. Minidumps are not enabled by default on client versions of Windows
#

---------------  T H R E A D  ---------------

Current thread (0x000000001592e800):  JavaThread "C2 CompilerThread0" daemon [_thread_in_native, id=355916, stack(0x0000000016f90000,0x0000000017090000)]

Stack: [0x0000000016f90000,0x0000000017090000]
[error occurred during error reporting (printing stack bounds), id 0xc0000005]

Native frames: (J=compiled Java code, j=interpreted, Vv=VM code, C=native code)


Current CompileTask:
C2:   1931 1447 %     4       com.android.tools.r8.B.a.a.f::a @ 66 (6094 bytes)


---------------  P R O C E S S  ---------------

Java Threads: ( => current thread )
  0x0000000017c19000 JavaThread "ForkJoinPool-1-worker-0" daemon [_thread_blocked, id=356056, stack(0x0000000018190000,0x0000000018290000)]
  0x0000000017c18000 JavaThread "ForkJoinPool-1-worker-1" daemon [_thread_blocked, id=364052, stack(0x0000000018090000,0x0000000018190000)]
  0x00000000172c3800 JavaThread "Service Thread" daemon [_thread_blocked, id=347588, stack(0x0000000017690000,0x0000000017790000)]
  0x0000000015947000 JavaThread "C1 CompilerThread2" daemon [_thread_blocked, id=322248, stack(0x0000000017190000,0x0000000017290000)]
  0x0000000015933800 JavaThread "C2 CompilerThread1" daemon [_thread_in_native, id=348104, stack(0x0000000017090000,0x0000000017190000)]
=>0x000000001592e800 JavaThread "C2 CompilerThread0" daemon [_thread_in_native, id=355916, stack(0x0000000016f90000,0x0000000017090000)]
  0x000000001592b000 JavaThread "Attach Listener" daemon [_thread_blocked, id=353664, stack(0x0000000016e90000,0x0000000016f90000)]
  0x0000000015939000 JavaThread "Signal Dispatcher" daemon [_thread_blocked, id=353060, stack(0x0000000016d90000,0x0000000016e90000)]
  0x000000000325c000 JavaThread "Finalizer" daemon [_thread_blocked, id=361684, stack(0x0000000016b90000,0x0000000016c90000)]
  0x0000000015919000 JavaThread "Reference Handler" daemon [_thread_blocked, id=347876, stack(0x0000000016a90000,0x0000000016b90000)]
  0x0000000003162800 JavaThread "main" [_thread_in_Java, id=353248, stack(0x0000000002f80000,0x0000000003080000)]

Other Threads:
  0x00000000158f6800 VMThread [stack: 0x0000000016990000,0x0000000016a90000] [id=342928]
  0x000000001598e000 WatcherThread [stack: 0x0000000017790000,0x0000000017890000] [id=363500]

VM state:not at safepoint (normal execution)

VM Mutex/Monitor currently owned by a thread: None

heap address: 0x00000000c0000000, size: 1024 MB, Compressed Oops mode: 32-bit
Narrow klass base: 0x0000000000000000, Narrow klass shift: 3
Compressed class space size: 1073741824 Address: 0x0000000100000000

Heap:
 PSYoungGen      total 71680K, used 7449K [0x00000000eab00000, 0x00000000f5a00000, 0x0000000100000000)
  eden space 66560K, 3% used [0x00000000eab00000,0x00000000ead4e450,0x00000000eec00000)
  from space 5120K, 99% used [0x00000000eec00000,0x00000000ef0f8010,0x00000000ef100000)
  to   space 23040K, 0% used [0x00000000f4380000,0x00000000f4380000,0x00000000f5a00000)
 ParOldGen       total 87552K, used 46819K [0x00000000c0000000, 0x00000000c5580000, 0x00000000eab00000)
  object space 87552K, 53% used [0x00000000c0000000,0x00000000c2db8f88,0x00000000c5580000)
 Metaspace       used 9431K, capacity 9780K, committed 9984K, reserved 1058816K
  class space    used 1068K, capacity 1166K, committed 1280K, reserved 1048576K

Card table byte_map: [0x0000000012620000,0x0000000012830000] byte_map_base: 0x0000000012020000

Marking Bits: (ParMarkBitMap*) 0x0000000064df8f30
 Begin Bits: [0x0000000012d90000, 0x0000000013d90000)
 End Bits:   [0x0000000013d90000, 0x0000000014d90000)

Polling page: 0x00000000011d0000

CodeCache: size=245760Kb used=5551Kb max_used=5551Kb free=240208Kb
 bounds [0x0000000003260000, 0x00000000037d0000, 0x0000000012260000]
 total_blobs=1776 nmethods=1443 adapters=247
 compilation: enabled

Compilation events (10 events):
Event: 1.794 Thread 0x0000000015947000 nmethod 1446 0x00000000037c8f90 code [0x00000000037c9120, 0x00000000037c94b0]
Event: 1.798 Thread 0x000000001592e800 1447 %     4       com.android.tools.r8.B.a.a.f::a @ 66 (6094 bytes)
Event: 1.903 Thread 0x0000000015947000 1448       3       com.android.tools.r8.graph.y0::a (96 bytes)
Event: 1.905 Thread 0x0000000015947000 nmethod 1448 0x00000000037c96d0 code [0x00000000037c99a0, 0x00000000037cad88]
Event: 1.905 Thread 0x0000000015947000 1449       3       java.util.HashMap::computeIfAbsent (309 bytes)
Event: 1.907 Thread 0x0000000015947000 nmethod 1449 0x00000000037cbb10 code [0x00000000037cbda0, 0x00000000037cd2d8]
Event: 1.910 Thread 0x0000000015947000 1450       3       com.android.tools.r8.graph.r::hashCode (43 bytes)
Event: 1.910 Thread 0x0000000015947000 nmethod 1450 0x00000000037cdb10 code [0x00000000037cdca0, 0x00000000037ce088]
Event: 1.921 Thread 0x0000000015947000 1451       3       com.android.tools.r8.graph.y0$$Lambda$57/2080643905::apply (12 bytes)
Event: 1.921 Thread 0x0000000015947000 nmethod 1451 0x00000000037ce1d0 code [0x00000000037ce340, 0x00000000037ce5d0]

GC Heap History (10 events):
Event: 0.865 GC heap before
{Heap before GC invocations=1 (full 0):
 PSYoungGen      total 38400K, used 33280K [0x00000000eab00000, 0x00000000ed580000, 0x0000000100000000)
  eden space 33280K, 100% used [0x00000000eab00000,0x00000000ecb80000,0x00000000ecb80000)
  from space 5120K, 0% used [0x00000000ed080000,0x00000000ed080000,0x00000000ed580000)
  to   space 5120K, 0% used [0x00000000ecb80000,0x00000000ecb80000,0x00000000ed080000)
 ParOldGen       total 87552K, used 0K [0x00000000c0000000, 0x00000000c5580000, 0x00000000eab00000)
  object space 87552K, 0% used [0x00000000c0000000,0x00000000c0000000,0x00000000c5580000)
 Metaspace       used 7894K, capacity 8124K, committed 8192K, reserved 1056768K
  class space    used 900K, capacity 996K, committed 1024K, reserved 1048576K
Event: 0.870 GC heap after
Heap after GC invocations=1 (full 0):
 PSYoungGen      total 38400K, used 5114K [0x00000000eab00000, 0x00000000ed580000, 0x0000000100000000)
  eden space 33280K, 0% used [0x00000000eab00000,0x00000000eab00000,0x00000000ecb80000)
  from space 5120K, 99% used [0x00000000ecb80000,0x00000000ed07eb38,0x00000000ed080000)
  to   space 5120K, 0% used [0x00000000ed080000,0x00000000ed080000,0x00000000ed580000)
 ParOldGen       total 87552K, used 783K [0x00000000c0000000, 0x00000000c5580000, 0x00000000eab00000)
  object space 87552K, 0% used [0x00000000c0000000,0x00000000c00c3fa0,0x00000000c5580000)
 Metaspace       used 7894K, capacity 8124K, committed 8192K, reserved 1056768K
  class space    used 900K, capacity 996K, committed 1024K, reserved 1048576K
}
Event: 0.985 GC heap before
{Heap before GC invocations=2 (full 0):
 PSYoungGen      total 38400K, used 38394K [0x00000000eab00000, 0x00000000ed580000, 0x0000000100000000)
  eden space 33280K, 100% used [0x00000000eab00000,0x00000000ecb80000,0x00000000ecb80000)
  from space 5120K, 99% used [0x00000000ecb80000,0x00000000ed07eb38,0x00000000ed080000)
  to   space 5120K, 0% used [0x00000000ed080000,0x00000000ed080000,0x00000000ed580000)
 ParOldGen       total 87552K, used 783K [0x00000000c0000000, 0x00000000c5580000, 0x00000000eab00000)
  object space 87552K, 0% used [0x00000000c0000000,0x00000000c00c3fa0,0x00000000c5580000)
 Metaspace       used 7914K, capacity 8124K, committed 8192K, reserved 1056768K
  class space    used 900K, capacity 996K, committed 1024K, reserved 1048576K
Event: 0.994 GC heap after
Heap after GC invocations=2 (full 0):
 PSYoungGen      total 38400K, used 5117K [0x00000000eab00000, 0x00000000ef600000, 0x0000000100000000)
  eden space 33280K, 0% used [0x00000000eab00000,0x00000000eab00000,0x00000000ecb80000)
  from space 5120K, 99% used [0x00000000ed080000,0x00000000ed57f550,0x00000000ed580000)
  to   space 5120K, 0% used [0x00000000ecb80000,0x00000000ecb80000,0x00000000ed080000)
 ParOldGen       total 87552K, used 12750K [0x00000000c0000000, 0x00000000c5580000, 0x00000000eab00000)
  object space 87552K, 14% used [0x00000000c0000000,0x00000000c0c73ba8,0x00000000c5580000)
 Metaspace       used 7914K, capacity 8124K, committed 8192K, reserved 1056768K
  class space    used 900K, capacity 996K, committed 1024K, reserved 1048576K
}
Event: 1.233 GC heap before
{Heap before GC invocations=3 (full 0):
 PSYoungGen      total 38400K, used 38397K [0x00000000eab00000, 0x00000000ef600000, 0x0000000100000000)
  eden space 33280K, 100% used [0x00000000eab00000,0x00000000ecb80000,0x00000000ecb80000)
  from space 5120K, 99% used [0x00000000ed080000,0x00000000ed57f550,0x00000000ed580000)
  to   space 5120K, 0% used [0x00000000ecb80000,0x00000000ecb80000,0x00000000ed080000)
 ParOldGen       total 87552K, used 12750K [0x00000000c0000000, 0x00000000c5580000, 0x00000000eab00000)
  object space 87552K, 14% used [0x00000000c0000000,0x00000000c0c73ba8,0x00000000c5580000)
 Metaspace       used 8859K, capacity 9138K, committed 9344K, reserved 1056768K
  class space    used 1002K, capacity 1091K, committed 1152K, reserved 1048576K
Event: 1.245 GC heap after
Heap after GC invocations=3 (full 0):
 PSYoungGen      total 38400K, used 5095K [0x00000000eab00000, 0x00000000ef600000, 0x0000000100000000)
  eden space 33280K, 0% used [0x00000000eab00000,0x00000000eab00000,0x00000000ecb80000)
  from space 5120K, 99% used [0x00000000ecb80000,0x00000000ed079ff0,0x00000000ed080000)
  to   space 5120K, 0% used [0x00000000ef100000,0x00000000ef100000,0x00000000ef600000)
 ParOldGen       total 87552K, used 23997K [0x00000000c0000000, 0x00000000c5580000, 0x00000000eab00000)
  object space 87552K, 27% used [0x00000000c0000000,0x00000000c176f5f0,0x00000000c5580000)
 Metaspace       used 8859K, capacity 9138K, committed 9344K, reserved 1056768K
  class space    used 1002K, capacity 1091K, committed 1152K, reserved 1048576K
}
Event: 1.356 GC heap before
{Heap before GC invocations=4 (full 0):
 PSYoungGen      total 38400K, used 38375K [0x00000000eab00000, 0x00000000ef600000, 0x0000000100000000)
  eden space 33280K, 100% used [0x00000000eab00000,0x00000000ecb80000,0x00000000ecb80000)
  from space 5120K, 99% used [0x00000000ecb80000,0x00000000ed079ff0,0x00000000ed080000)
  to   space 5120K, 0% used [0x00000000ef100000,0x00000000ef100000,0x00000000ef600000)
 ParOldGen       total 87552K, used 23997K [0x00000000c0000000, 0x00000000c5580000, 0x00000000eab00000)
  object space 87552K, 27% used [0x00000000c0000000,0x00000000c176f5f0,0x00000000c5580000)
 Metaspace       used 8976K, capacity 9312K, committed 9600K, reserved 1058816K
  class space    used 1011K, capacity 1098K, committed 1152K, reserved 1048576K
Event: 1.367 GC heap after
Heap after GC invocations=4 (full 0):
 PSYoungGen      total 71680K, used 5115K [0x00000000eab00000, 0x00000000ef600000, 0x0000000100000000)
  eden space 66560K, 0% used [0x00000000eab00000,0x00000000eab00000,0x00000000eec00000)
  from space 5120K, 99% used [0x00000000ef100000,0x00000000ef5fede0,0x00000000ef600000)
  to   space 5120K, 0% used [0x00000000eec00000,0x00000000eec00000,0x00000000ef100000)
 ParOldGen       total 87552K, used 32122K [0x00000000c0000000, 0x00000000c5580000, 0x00000000eab00000)
  object space 87552K, 36% used [0x00000000c0000000,0x00000000c1f5e8e0,0x00000000c5580000)
 Metaspace       used 8976K, capacity 9312K, committed 9600K, reserved 1058816K
  class space    used 1011K, capacity 1098K, committed 1152K, reserved 1048576K
}
Event: 1.799 GC heap before
{Heap before GC invocations=5 (full 0):
 PSYoungGen      total 71680K, used 71675K [0x00000000eab00000, 0x00000000ef600000, 0x0000000100000000)
  eden space 66560K, 100% used [0x00000000eab00000,0x00000000eec00000,0x00000000eec00000)
  from space 5120K, 99% used [0x00000000ef100000,0x00000000ef5fede0,0x00000000ef600000)
  to   space 5120K, 0% used [0x00000000eec00000,0x00000000eec00000,0x00000000ef100000)
 ParOldGen       total 87552K, used 32122K [0x00000000c0000000, 0x00000000c5580000, 0x00000000eab00000)
  object space 87552K, 36% used [0x00000000c0000000,0x00000000c1f5e8e0,0x00000000c5580000)
 Metaspace       used 9431K, capacity 9780K, committed 9984K, reserved 1058816K
  class space    used 1068K, capacity 1166K, committed 1280K, reserved 1048576K
Event: 1.872 GC heap after
Heap after GC invocations=5 (full 0):
 PSYoungGen      total 71680K, used 5088K [0x00000000eab00000, 0x00000000f5a00000, 0x0000000100000000)
  eden space 66560K, 0% used [0x00000000eab00000,0x00000000eab00000,0x00000000eec00000)
  from space 5120K, 99% used [0x00000000eec00000,0x00000000ef0f8010,0x00000000ef100000)
  to   space 23040K, 0% used [0x00000000f4380000,0x00000000f4380000,0x00000000f5a00000)
 ParOldGen       total 87552K, used 46819K [0x00000000c0000000, 0x00000000c5580000, 0x00000000eab00000)
  object space 87552K, 53% used [0x00000000c0000000,0x00000000c2db8f88,0x00000000c5580000)
 Metaspace       used 9431K, capacity 9780K, committed 9984K, reserved 1058816K
  class space    used 1068K, capacity 1166K, committed 1280K, reserved 1048576K
}

Deoptimization events (10 events):
Event: 1.311 Thread 0x0000000017c19000 Uncommon trap: reason=unstable_if action=reinterpret pc=0x000000000365c684 method=com.android.tools.r8.B.a.a.f.a(II[C)Ljava/lang/String; @ 32
Event: 1.311 Thread 0x0000000017c19000 Uncommon trap: reason=unstable_if action=reinterpret pc=0x00000000035b72ac method=com.android.tools.r8.graph.d0.a(C)I @ 7
Event: 1.312 Thread 0x0000000017c19000 Uncommon trap: reason=unstable_if action=reinterpret pc=0x00000000035946c4 method=com.android.tools.r8.graph.d0.a(C[BI)I @ 7
Event: 1.316 Thread 0x0000000017c18000 Uncommon trap: reason=unstable_if action=reinterpret pc=0x0000000003634e40 method=com.android.tools.r8.utils.O.d(I)Z @ 45
Event: 1.324 Thread 0x0000000017c19000 Uncommon trap: reason=unstable_if action=reinterpret pc=0x00000000035ba650 method=com.android.tools.r8.B.a.a.f.a(II[C)Ljava/lang/String; @ 32
Event: 1.333 Thread 0x0000000017c19000 Uncommon trap: reason=unstable_if action=reinterpret pc=0x00000000036a4f18 method=java.util.concurrent.ConcurrentHashMap.putVal(Ljava/lang/Object;Ljava/lang/Object;Z)Ljava/lang/Object; @ 98
Event: 1.338 Thread 0x0000000017c18000 Uncommon trap: reason=unstable_if action=reinterpret pc=0x0000000003619348 method=com.android.tools.r8.utils.O.d(I)Z @ 27
Event: 1.413 Thread 0x0000000017c18000 Uncommon trap: reason=unstable_if action=reinterpret pc=0x00000000036cd170 method=java.util.concurrent.ConcurrentHashMap.putVal(Ljava/lang/Object;Ljava/lang/Object;Z)Ljava/lang/Object; @ 195
Event: 1.565 Thread 0x0000000003162800 Uncommon trap: reason=unstable_if action=reinterpret pc=0x00000000036d6780 method=com.android.tools.r8.B.a.a.B.a()Ljava/lang/String; @ 34
Event: 1.566 Thread 0x0000000003162800 Uncommon trap: reason=unstable_if action=reinterpret pc=0x0000000003645b94 method=com.android.tools.r8.B.a.a.f.e(I[C)Ljava/lang/String; @ 7

Classes redefined (0 events):
No events

Internal exceptions (10 events):
Event: 0.824 Thread 0x0000000003162800 Exception <a 'java/security/PrivilegedActionException'> (0x00000000ec5ba900) thrown at [D:\j\worksp~1\openjd~3\jdk8u\hotspot\src\share\vm\prims\jvm.cpp, line 1508]
Event: 0.824 Thread 0x0000000003162800 Exception <a 'java/security/PrivilegedActionException'> (0x00000000ec5bab10) thrown at [D:\j\worksp~1\openjd~3\jdk8u\hotspot\src\share\vm\prims\jvm.cpp, line 1508]
Event: 0.824 Thread 0x0000000003162800 Exception <a 'java/security/PrivilegedActionException'> (0x00000000ec5bc250) thrown at [D:\j\worksp~1\openjd~3\jdk8u\hotspot\src\share\vm\prims\jvm.cpp, line 1508]
Event: 0.824 Thread 0x0000000003162800 Exception <a 'java/security/PrivilegedActionException'> (0x00000000ec5bc460) thrown at [D:\j\worksp~1\openjd~3\jdk8u\hotspot\src\share\vm\prims\jvm.cpp, line 1508]
Event: 0.846 Thread 0x0000000003162800 Implicit null exception at 0x00000000034ccffc to 0x00000000034cd991
Event: 0.872 Thread 0x0000000003162800 Implicit null exception at 0x00000000034cf4bc to 0x00000000034cfe51
Event: 0.889 Thread 0x0000000003162800 Implicit null exception at 0x00000000034c6ae5 to 0x00000000034c711d
Event: 0.890 Thread 0x0000000003162800 Implicit null exception at 0x00000000034be138 to 0x00000000034be5e1
Event: 1.228 Thread 0x0000000017c18000 Implicit null exception at 0x000000000363735d to 0x0000000003637975
Event: 1.229 Thread 0x0000000017c19000 Implicit null exception at 0x00000000035df458 to 0x00000000035dfcad

Events (10 events):
Event: 1.639 loading class com/android/tools/r8/r/n/b
Event: 1.639 loading class com/android/tools/r8/r/n/b done
Event: 1.658 loading class com/android/tools/r8/r/n/G
Event: 1.658 loading class com/android/tools/r8/r/n/G done
Event: 1.658 loading class com/android/tools/r8/u/b/z0$a
Event: 1.658 loading class com/android/tools/r8/u/b/z0$a done
Event: 1.685 Thread 0x0000000003162800 DEOPT PACKING pc=0x0000000003711c2d sp=0x000000000307e5d0
Event: 1.709 Thread 0x0000000003162800 DEOPT UNPACKING pc=0x00000000032a75d0 sp=0x000000000307e5b8 mode 0
Event: 1.798 Executing VM operation: ParallelGCFailedAllocation
Event: 1.872 Executing VM operation: ParallelGCFailedAllocation done


Dynamic libraries:
0x00007ff719f80000 - 0x00007ff719fb5000 	C:\Program Files\Android\Jdk\microsoft_dist_openjdk_1.8.0.25\bin\java.exe
0x00007ffb58460000 - 0x00007ffb58650000 	C:\WINDOWS\SYSTEM32\ntdll.dll
0x00007ffb56cc0000 - 0x00007ffb56d72000 	C:\WINDOWS\System32\KERNEL32.DLL
0x00007ffb56060000 - 0x00007ffb56305000 	C:\WINDOWS\System32\KERNELBASE.dll
0x00007ffb56c10000 - 0x00007ffb56cb3000 	C:\WINDOWS\System32\ADVAPI32.dll
0x00007ffb57750000 - 0x00007ffb577ee000 	C:\WINDOWS\System32\msvcrt.dll
0x00007ffb56510000 - 0x00007ffb565a7000 	C:\WINDOWS\System32\sechost.dll
0x00007ffb566f0000 - 0x00007ffb56810000 	C:\WINDOWS\System32\RPCRT4.dll
0x00007ffb568f0000 - 0x00007ffb56a84000 	C:\WINDOWS\System32\USER32.dll
0x00007ffb557a0000 - 0x00007ffb557c1000 	C:\WINDOWS\System32\win32u.dll
0x00007ffb56ed0000 - 0x00007ffb56ef6000 	C:\WINDOWS\System32\GDI32.dll
0x00007ffb553d0000 - 0x00007ffb55566000 	C:\WINDOWS\System32\gdi32full.dll
0x00007ffb55f60000 - 0x00007ffb55ffe000 	C:\WINDOWS\System32\msvcp_win.dll
0x00007ffb56380000 - 0x00007ffb5647a000 	C:\WINDOWS\System32\ucrtbase.dll
0x00007ffb47c70000 - 0x00007ffb47ef4000 	C:\WINDOWS\WinSxS\amd64_microsoft.windows.common-controls_6595b64144ccf1df_6.0.18362.1256_none_9e7e379be45e40e2\COMCTL32.dll
0x00007ffb57160000 - 0x00007ffb57496000 	C:\WINDOWS\System32\combase.dll
0x00007ffb56480000 - 0x00007ffb56501000 	C:\WINDOWS\System32\bcryptPrimitives.dll
0x00007ffb57720000 - 0x00007ffb5774e000 	C:\WINDOWS\System32\IMM32.DLL
0x0000000064e80000 - 0x0000000064f51000 	C:\Program Files\Android\Jdk\microsoft_dist_openjdk_1.8.0.25\jre\bin\msvcr100.dll
0x0000000064630000 - 0x0000000064e75000 	C:\Program Files\Android\Jdk\microsoft_dist_openjdk_1.8.0.25\jre\bin\server\jvm.dll
0x00007ffb56eb0000 - 0x00007ffb56eb8000 	C:\WINDOWS\System32\PSAPI.DLL
0x00007ffb50550000 - 0x00007ffb5055a000 	C:\WINDOWS\SYSTEM32\VERSION.dll
0x00007ffb51d40000 - 0x00007ffb51d49000 	C:\WINDOWS\SYSTEM32\WSOCK32.dll
0x00007ffb53270000 - 0x00007ffb53294000 	C:\WINDOWS\SYSTEM32\WINMM.dll
0x00007ffb57060000 - 0x00007ffb570cf000 	C:\WINDOWS\System32\WS2_32.dll
0x00007ffb53240000 - 0x00007ffb5326d000 	C:\WINDOWS\SYSTEM32\winmmbase.dll
0x00007ffb56310000 - 0x00007ffb5635a000 	C:\WINDOWS\System32\cfgmgr32.dll
0x00007ffb51d00000 - 0x00007ffb51d0f000 	C:\Program Files\Android\Jdk\microsoft_dist_openjdk_1.8.0.25\jre\bin\verify.dll
0x00007ffb38c40000 - 0x00007ffb38c69000 	C:\Program Files\Android\Jdk\microsoft_dist_openjdk_1.8.0.25\jre\bin\java.dll
0x00007ffb43c00000 - 0x00007ffb43c16000 	C:\Program Files\Android\Jdk\microsoft_dist_openjdk_1.8.0.25\jre\bin\zip.dll
0x00007ffb57c60000 - 0x00007ffb58347000 	C:\WINDOWS\System32\SHELL32.dll
0x00007ffb56e00000 - 0x00007ffb56ea9000 	C:\WINDOWS\System32\shcore.dll
0x00007ffb557d0000 - 0x00007ffb55f51000 	C:\WINDOWS\System32\windows.storage.dll
0x00007ffb55310000 - 0x00007ffb55333000 	C:\WINDOWS\System32\profapi.dll
0x00007ffb55360000 - 0x00007ffb553aa000 	C:\WINDOWS\System32\powrprof.dll
0x00007ffb55300000 - 0x00007ffb55310000 	C:\WINDOWS\System32\UMPDC.dll
0x00007ffb576b0000 - 0x00007ffb57702000 	C:\WINDOWS\System32\shlwapi.dll
0x00007ffb553b0000 - 0x00007ffb553c1000 	C:\WINDOWS\System32\kernel.appcore.dll
0x00007ffb56360000 - 0x00007ffb56377000 	C:\WINDOWS\System32\cryptsp.dll
0x00007ffb43160000 - 0x00007ffb4317a000 	C:\Program Files\Android\jdk\microsoft_dist_openjdk_1.8.0.25\jre\bin\net.dll
0x00007ffb54af0000 - 0x00007ffb54b57000 	C:\WINDOWS\system32\mswsock.dll
0x00007ffb41e40000 - 0x00007ffb41e51000 	C:\Program Files\Android\jdk\microsoft_dist_openjdk_1.8.0.25\jre\bin\nio.dll

VM Arguments:
jvm_args: -Xmx1G 
java_command: com.android.tools.r8.D8 --release --min-api 21 --output obj\Release\90\android\bin\ --lib C:\Program Files (x86)\Android\android-sdk\platforms\android-28\android.jar obj\Release\90\android\bin\classes.zip C:\Program Files (x86)\Microsoft Visual Studio\2019\Community\Common7\IDE\ReferenceAssemblies\Microsoft\Framework\MonoAndroid\v9.0\mono.android.jar C:\Program Files (x86)\Microsoft Visual Studio\2019\Community\MSBuild\Xamarin\Android\\java_runtime.jar obj\Release\90\lp\0\jl\formsviewgroup.jar obj\Release\90\lp\10\jl\com.android.support.support-annotations.jar obj\Release\90\lp\11\jl\bin\classes.jar obj\Release\90\lp\12\jl\com.android.support.collections.jar obj\Release\90\lp\13\jl\bin\classes.jar obj\Release\90\lp\14\jl\bin\classes.jar obj\Release\90\lp\15\jl\bin\classes.jar obj\Release\90\lp\16\jl\bin\classes.jar obj\Release\90\lp\17\jl\bin\classes.jar obj\Release\90\lp\18\jl\bin\classes.jar obj\Release\90\lp\19\jl\bin\classes.jar obj\Release\90\lp\2\jl\android.arch.core.common.jar obj\Release\90\lp\20\jl\bin\classes.jar obj\Release\90\lp\21\jl\bin\classes.jar obj\Release\90\lp\22\jl\bin\classes.jar obj\Release\90\lp\23\jl\bin\classes.jar obj\Release\90\lp\24\jl\bin\classes.jar obj\Release\90\lp\25\jl\bin\classes.jar obj\Release\90\lp\26\jl\bin\classes.jar obj\Release\90\lp\27\jl\bin\classes.jar obj\Release\90\lp\28\jl\bin\classes.jar obj\Release\90\lp\29\jl\bin\classes.jar obj\Release\90\lp\3\jl\bin\classes.jar obj\Release\90\lp\30\jl\bin\classes.jar obj\Release\90\lp\31\jl\bin\classes.jar obj\Release\90\lp\33\jl\bin\classes.jar obj\Release\90\lp\34\jl\bin\classes.jar obj\Release\90\lp\35\jl\bin\classes.jar obj\Release\90\lp\36\jl\bin\classes.jar obj\Release\90\lp\37\jl\bin\classes.jar obj\Release\90\lp\38\jl\bin\classes.jar obj\Release\90\lp\4\jl\android.arch.lifecycle.common.jar obj\Release\90\lp\5\jl\bin\classes.jar obj\Release\90\lp\6\jl\bin\classes.jar obj\Release\90\lp\7\jl\bin\classes.jar obj\Release\90\lp\8\jl\bin\classes.jar obj\Release\9
java_class_path (initial): C:\Program Files (x86)\Microsoft Visual Studio\2019\Community\MSBuild\Xamarin\Android\r8.jar
Launcher Type: SUN_STANDARD

Environment Variables:
PATH=C:\Program Files\Android\Jdk\microsoft_dist_openjdk_1.8.0.25\bin;C:\Program Files\AdoptOpenJDK\jdk-15.0.1.9-hotspot\bin;C:\Python39\Scripts\;C:\Python39\;C:\WINDOWS\system32;C:\WINDOWS;C:\WINDOWS\System32\Wbem;C:\WINDOWS\System32\WindowsPowerShell\v1.0\;C:\WINDOWS\System32\OpenSSH\;C:\Program Files\Git\cmd;C:\Program Files\nodejs\;C:\ProgramData\chocolatey\bin;C:\Program Files\PuTTY\;C:\Program Files\dotnet\;C:\Program Files (x86)\NVIDIA Corporation\PhysX\Common;C:\Program Files\NVIDIA Corporation\NVIDIA NvDLISR;C:\Users\hxz\.windows-build-tools\python27\;C:\Users\hxz\AppData\Local\Microsoft\WindowsApps;C:\Users\hxz\AppData\Local\Programs\Microsoft VS Code\bin;C:\Users\hxz\AppData\Roaming\npm;C:\Users\hxz\.dotnet\tools;C:\MinGW\bin;C:\Users\hxz\.dotnet\tools
USERNAME=hxz
OS=Windows_NT
PROCESSOR_IDENTIFIER=Intel64 Family 6 Model 42 Stepping 7, GenuineIntel



---------------  S Y S T E M  ---------------

OS: Windows 10.0 , 64 bit Build 18362 (10.0.18362.1110)

CPU:total 4 (initial active 4) (4 cores per cpu, 1 threads per core) family 6 model 42 stepping 7, cmov, cx8, fxsr, mmx, sse, sse2, sse3, ssse3, sse4.1, sse4.2, popcnt, avx, aes, clmul, tsc, tscinvbit

Memory: 4k page, physical 8310364k(353028k free), swap 33476188k(3440k free)

vm_info: OpenJDK 64-Bit Server VM (25.71-b00) for windows-amd64 JRE (1.8.0-25-microsoft-b00), built on Feb  7 2019 20:09:14 by "builder" with MS VC++ 10.0 (VS2010)

time: Mon Jan 11 19:02:39 2021
timezone: GMT Standard Time
elapsed time: 1 seconds (0d 0h 0m 1s)

