#
# There is insufficient memory for the Java Runtime Environment to continue.
# Native memory allocation (malloc) failed to allocate 837776 bytes for Chunk::new
# Possible reasons:
#   The system is out of physical RAM or swap space
#   The process is running with CompressedOops enabled, and the Java Heap may be blocking the growth of the native heap
# Possible solutions:
#   Reduce memory load on the system
#   Increase physical memory or swap space
#   Check if swap backing store is full
#   Decrease Java heap size (-Xmx/-Xms)
#   Decrease number of Java threads
#   Decrease Java thread stack sizes (-Xss)
#   Set larger code cache with -XX:ReservedCodeCacheSize=
#   JVM is running with Unscaled Compressed Oops mode in which the Java heap is
#     placed in the first 4GB address space. The Java Heap base address is the
#     maximum limit for the native heap growth. Please use -XX:HeapBaseMinAddress
#     to set the Java Heap base and to place the Java Heap above 4GB virtual address.
# This output file may be truncated or incomplete.
#
#  Out of Memory Error (allocation.cpp:389), pid=395288, tid=0x000000000005dca0
#
# JRE version: OpenJDK Runtime Environment (8.0) (build 1.8.0-25-microsoft-b00)
# Java VM: OpenJDK 64-Bit Server VM (25.71-b00 mixed mode windows-amd64 compressed oops)
# Failed to write core dump. Minidumps are not enabled by default on client versions of Windows
#

---------------  T H R E A D  ---------------

Current thread (0x000000001717b000):  JavaThread "C2 CompilerThread1" daemon [_thread_in_native, id=384160, stack(0x00000000188c0000,0x00000000189c0000)]

Stack: [0x00000000188c0000,0x00000000189c0000]
[error occurred during error reporting (printing stack bounds), id 0xc0000005]

Native frames: (J=compiled Java code, j=interpreted, Vv=VM code, C=native code)


Current CompileTask:
C2:   2221 1179   !   4       com.sun.tools.javac.comp.MemberEnter::visitVarDef (463 bytes)


---------------  P R O C E S S  ---------------

Java Threads: ( => current thread )
  0x00000000171bd000 JavaThread "Service Thread" daemon [_thread_blocked, id=395576, stack(0x0000000018ec0000,0x0000000018fc0000)]
  0x0000000017189000 JavaThread "C1 CompilerThread2" daemon [_thread_in_native, id=383980, stack(0x00000000189c0000,0x0000000018ac0000)]
=>0x000000001717b000 JavaThread "C2 CompilerThread1" daemon [_thread_in_native, id=384160, stack(0x00000000188c0000,0x00000000189c0000)]
  0x0000000017173800 JavaThread "C2 CompilerThread0" daemon [_thread_blocked, id=395788, stack(0x00000000187c0000,0x00000000188c0000)]
  0x0000000017172800 JavaThread "Attach Listener" daemon [_thread_blocked, id=390172, stack(0x00000000186c0000,0x00000000187c0000)]
  0x0000000017171800 JavaThread "Signal Dispatcher" daemon [_thread_blocked, id=392600, stack(0x00000000185c0000,0x00000000186c0000)]
  0x00000000025ed800 JavaThread "Finalizer" daemon [_thread_blocked, id=378752, stack(0x00000000183c0000,0x00000000184c0000)]
  0x0000000017159000 JavaThread "Reference Handler" daemon [_thread_blocked, id=393276, stack(0x00000000182c0000,0x00000000183c0000)]
  0x000000000237e000 JavaThread "main" [_thread_in_native, id=355680, stack(0x0000000002380000,0x0000000002480000)]

Other Threads:
  0x0000000017136000 VMThread [stack: 0x00000000181c0000,0x00000000182c0000] [id=395640]
  0x00000000171be800 WatcherThread [stack: 0x0000000018fc0000,0x00000000190c0000] [id=386164]

VM state:not at safepoint (normal execution)

VM Mutex/Monitor currently owned by a thread: None

heap address: 0x0000000081200000, size: 2030 MB, Compressed Oops mode: 32-bit
Narrow klass base: 0x0000000000000000, Narrow klass shift: 3
Compressed class space size: 1073741824 Address: 0x0000000100000000

Heap:
 PSYoungGen      total 24064K, used 14563K [0x00000000d5b80000, 0x00000000d7c80000, 0x0000000100000000)
  eden space 17920K, 67% used [0x00000000d5b80000,0x00000000d673fb50,0x00000000d6d00000)
  from space 6144K, 41% used [0x00000000d7080000,0x00000000d72f9148,0x00000000d7680000)
  to   space 5120K, 0% used [0x00000000d7780000,0x00000000d7780000,0x00000000d7c80000)
 ParOldGen       total 22016K, used 12847K [0x0000000081200000, 0x0000000082780000, 0x00000000d5b80000)
  object space 22016K, 58% used [0x0000000081200000,0x0000000081e8be90,0x0000000082780000)
 Metaspace       used 7867K, capacity 8660K, committed 8960K, reserved 1056768K
  class space    used 883K, capacity 912K, committed 1024K, reserved 1048576K

Card table byte_map: [0x00000000119b0000,0x0000000011db0000] byte_map_base: 0x00000000115a7000

Marking Bits: (ParMarkBitMap*) 0x0000000065748f30
 Begin Bits: [0x0000000012460000, 0x0000000014418000)
 End Bits:   [0x0000000014418000, 0x00000000163d0000)

Polling page: 0x00000000022e0000

CodeCache: size=245760Kb used=5717Kb max_used=5717Kb free=240042Kb
 bounds [0x00000000025f0000, 0x0000000002b90000, 0x00000000115f0000]
 total_blobs=1516 nmethods=1227 adapters=202
 compilation: enabled

Compilation events (10 events):
Event: 2.203 Thread 0x0000000017189000 nmethod 1215 0x0000000002b811d0 code [0x0000000002b81340, 0x0000000002b815c8]
Event: 2.208 Thread 0x0000000017173800 nmethod 1214 0x0000000002b85a50 code [0x0000000002b85be0, 0x0000000002b863f8]
Event: 2.209 Thread 0x0000000017189000 1216       3       com.sun.tools.javac.code.Type::accept (9 bytes)
Event: 2.210 Thread 0x0000000017189000 nmethod 1216 0x0000000002b80d50 code [0x0000000002b80ec0, 0x0000000002b810e8]
Event: 2.210 Thread 0x0000000017189000 1217       3       com.sun.tools.javac.code.Type::map (2 bytes)
Event: 2.210 Thread 0x0000000017189000 nmethod 1217 0x0000000002b76550 code [0x0000000002b766a0, 0x0000000002b767f0]
Event: 2.217 Thread 0x0000000017173800 1219       4       java.util.RegularEnumSet::contains (57 bytes)
Event: 2.217 Thread 0x0000000017189000 1220       3       com.sun.tools.javac.util.Names::fromUtf (9 bytes)
Event: 2.217 Thread 0x0000000017189000 nmethod 1220 0x0000000002b80410 code [0x0000000002b80580, 0x0000000002b80888]
Event: 2.217 Thread 0x0000000017189000 1222       3       java.lang.Integer::getChars (131 bytes)

GC Heap History (10 events):
Event: 1.047 GC heap before
{Heap before GC invocations=7 (full 0):
 PSYoungGen      total 14336K, used 10744K [0x00000000d5b80000, 0x00000000d6d80000, 0x0000000100000000)
  eden space 11776K, 72% used [0x00000000d5b80000,0x00000000d63d11b8,0x00000000d6700000)
  from space 2560K, 87% used [0x00000000d6a00000,0x00000000d6c2cf40,0x00000000d6c80000)
  to   space 3072K, 0% used [0x00000000d6700000,0x00000000d6700000,0x00000000d6a00000)
 ParOldGen       total 5632K, used 2655K [0x0000000081200000, 0x0000000081780000, 0x00000000d5b80000)
  object space 5632K, 47% used [0x0000000081200000,0x0000000081497e30,0x0000000081780000)
 Metaspace       used 7288K, capacity 8180K, committed 8320K, reserved 1056768K
  class space    used 857K, capacity 880K, committed 896K, reserved 1048576K
Event: 1.053 GC heap after
Heap after GC invocations=7 (full 0):
 PSYoungGen      total 14848K, used 3046K [0x00000000d5b80000, 0x00000000d7c80000, 0x0000000100000000)
  eden space 11776K, 0% used [0x00000000d5b80000,0x00000000d5b80000,0x00000000d6700000)
  from space 3072K, 99% used [0x00000000d6700000,0x00000000d69f9bd8,0x00000000d6a00000)
  to   space 5120K, 0% used [0x00000000d7780000,0x00000000d7780000,0x00000000d7c80000)
 ParOldGen       total 5632K, used 5625K [0x0000000081200000, 0x0000000081780000, 0x00000000d5b80000)
  object space 5632K, 99% used [0x0000000081200000,0x000000008177e5e8,0x0000000081780000)
 Metaspace       used 7288K, capacity 8180K, committed 8320K, reserved 1056768K
  class space    used 857K, capacity 880K, committed 896K, reserved 1048576K
}
Event: 1.054 GC heap before
{Heap before GC invocations=8 (full 1):
 PSYoungGen      total 14848K, used 3046K [0x00000000d5b80000, 0x00000000d7c80000, 0x0000000100000000)
  eden space 11776K, 0% used [0x00000000d5b80000,0x00000000d5b80000,0x00000000d6700000)
  from space 3072K, 99% used [0x00000000d6700000,0x00000000d69f9bd8,0x00000000d6a00000)
  to   space 5120K, 0% used [0x00000000d7780000,0x00000000d7780000,0x00000000d7c80000)
 ParOldGen       total 5632K, used 5625K [0x0000000081200000, 0x0000000081780000, 0x00000000d5b80000)
  object space 5632K, 99% used [0x0000000081200000,0x000000008177e5e8,0x0000000081780000)
 Metaspace       used 7288K, capacity 8180K, committed 8320K, reserved 1056768K
  class space    used 857K, capacity 880K, committed 896K, reserved 1048576K
Event: 1.085 GC heap after
Heap after GC invocations=8 (full 1):
 PSYoungGen      total 14848K, used 3046K [0x00000000d5b80000, 0x00000000d7c80000, 0x0000000100000000)
  eden space 11776K, 0% used [0x00000000d5b80000,0x00000000d5b80000,0x00000000d6700000)
  from space 3072K, 99% used [0x00000000d6700000,0x00000000d69f9910,0x00000000d6a00000)
  to   space 5120K, 0% used [0x00000000d7780000,0x00000000d7780000,0x00000000d7c80000)
 ParOldGen       total 10752K, used 5299K [0x0000000081200000, 0x0000000081c80000, 0x00000000d5b80000)
  object space 10752K, 49% used [0x0000000081200000,0x000000008172ccf8,0x0000000081c80000)
 Metaspace       used 7288K, capacity 8180K, committed 8320K, reserved 1056768K
  class space    used 857K, capacity 880K, committed 896K, reserved 1048576K
}
Event: 1.414 GC heap before
{Heap before GC invocations=9 (full 1):
 PSYoungGen      total 14848K, used 14822K [0x00000000d5b80000, 0x00000000d7c80000, 0x0000000100000000)
  eden space 11776K, 100% used [0x00000000d5b80000,0x00000000d6700000,0x00000000d6700000)
  from space 3072K, 99% used [0x00000000d6700000,0x00000000d69f9910,0x00000000d6a00000)
  to   space 5120K, 0% used [0x00000000d7780000,0x00000000d7780000,0x00000000d7c80000)
 ParOldGen       total 10752K, used 5299K [0x0000000081200000, 0x0000000081c80000, 0x00000000d5b80000)
  object space 10752K, 49% used [0x0000000081200000,0x000000008172ccf8,0x0000000081c80000)
 Metaspace       used 7378K, capacity 8244K, committed 8320K, reserved 1056768K
  class space    used 857K, capacity 880K, committed 896K, reserved 1048576K
Event: 1.420 GC heap after
Heap after GC invocations=9 (full 1):
 PSYoungGen      total 23040K, used 5098K [0x00000000d5b80000, 0x00000000d7c80000, 0x0000000100000000)
  eden space 17920K, 0% used [0x00000000d5b80000,0x00000000d5b80000,0x00000000d6d00000)
  from space 5120K, 99% used [0x00000000d7780000,0x00000000d7c7a960,0x00000000d7c80000)
  to   space 6144K, 0% used [0x00000000d7080000,0x00000000d7080000,0x00000000d7680000)
 ParOldGen       total 10752K, used 5851K [0x0000000081200000, 0x0000000081c80000, 0x00000000d5b80000)
  object space 10752K, 54% used [0x0000000081200000,0x00000000817b6cf8,0x0000000081c80000)
 Metaspace       used 7378K, capacity 8244K, committed 8320K, reserved 1056768K
  class space    used 857K, capacity 880K, committed 896K, reserved 1048576K
}
Event: 1.935 GC heap before
{Heap before GC invocations=10 (full 1):
 PSYoungGen      total 23040K, used 23018K [0x00000000d5b80000, 0x00000000d7c80000, 0x0000000100000000)
  eden space 17920K, 100% used [0x00000000d5b80000,0x00000000d6d00000,0x00000000d6d00000)
  from space 5120K, 99% used [0x00000000d7780000,0x00000000d7c7a960,0x00000000d7c80000)
  to   space 6144K, 0% used [0x00000000d7080000,0x00000000d7080000,0x00000000d7680000)
 ParOldGen       total 10752K, used 5851K [0x0000000081200000, 0x0000000081c80000, 0x00000000d5b80000)
  object space 10752K, 54% used [0x0000000081200000,0x00000000817b6cf8,0x0000000081c80000)
 Metaspace       used 7733K, capacity 8532K, committed 8704K, reserved 1056768K
  class space    used 877K, capacity 912K, committed 1024K, reserved 1048576K
Event: 1.959 GC heap after
Heap after GC invocations=10 (full 1):
 PSYoungGen      total 24064K, used 6130K [0x00000000d5b80000, 0x00000000d7c80000, 0x0000000100000000)
  eden space 17920K, 0% used [0x00000000d5b80000,0x00000000d5b80000,0x00000000d6d00000)
  from space 6144K, 99% used [0x00000000d7080000,0x00000000d767cb20,0x00000000d7680000)
  to   space 5120K, 0% used [0x00000000d7780000,0x00000000d7780000,0x00000000d7c80000)
 ParOldGen       total 13312K, used 11488K [0x0000000081200000, 0x0000000081f00000, 0x00000000d5b80000)
  object space 13312K, 86% used [0x0000000081200000,0x0000000081d382c8,0x0000000081f00000)
 Metaspace       used 7733K, capacity 8532K, committed 8704K, reserved 1056768K
  class space    used 877K, capacity 912K, committed 1024K, reserved 1048576K
}
Event: 1.959 GC heap before
{Heap before GC invocations=11 (full 2):
 PSYoungGen      total 24064K, used 6130K [0x00000000d5b80000, 0x00000000d7c80000, 0x0000000100000000)
  eden space 17920K, 0% used [0x00000000d5b80000,0x00000000d5b80000,0x00000000d6d00000)
  from space 6144K, 99% used [0x00000000d7080000,0x00000000d767cb20,0x00000000d7680000)
  to   space 5120K, 0% used [0x00000000d7780000,0x00000000d7780000,0x00000000d7c80000)
 ParOldGen       total 13312K, used 11488K [0x0000000081200000, 0x0000000081f00000, 0x00000000d5b80000)
  object space 13312K, 86% used [0x0000000081200000,0x0000000081d382c8,0x0000000081f00000)
 Metaspace       used 7733K, capacity 8532K, committed 8704K, reserved 1056768K
  class space    used 877K, capacity 912K, committed 1024K, reserved 1048576K
Event: 2.035 GC heap after
Heap after GC invocations=11 (full 2):
 PSYoungGen      total 24064K, used 2532K [0x00000000d5b80000, 0x00000000d7c80000, 0x0000000100000000)
  eden space 17920K, 0% used [0x00000000d5b80000,0x00000000d5b80000,0x00000000d6d00000)
  from space 6144K, 41% used [0x00000000d7080000,0x00000000d72f9148,0x00000000d7680000)
  to   space 5120K, 0% used [0x00000000d7780000,0x00000000d7780000,0x00000000d7c80000)
 ParOldGen       total 22016K, used 12847K [0x0000000081200000, 0x0000000082780000, 0x00000000d5b80000)
  object space 22016K, 58% used [0x0000000081200000,0x0000000081e8be90,0x0000000082780000)
 Metaspace       used 7733K, capacity 8532K, committed 8704K, reserved 1056768K
  class space    used 877K, capacity 912K, committed 1024K, reserved 1048576K
}

Deoptimization events (10 events):
Event: 1.029 Thread 0x000000000237e000 Uncommon trap: reason=unstable_if action=reinterpret pc=0x0000000002930874 method=com.sun.tools.javac.parser.JavacParser.variableInitializer()Lcom/sun/tools/javac/tree/JCTree$JCExpression; @ 10
Event: 1.094 Thread 0x000000000237e000 Uncommon trap: reason=unstable_if action=reinterpret pc=0x00000000028b0fcc method=com.sun.tools.javac.util.Position$LineMapImpl.build([CI)V @ 42
Event: 1.095 Thread 0x000000000237e000 Uncommon trap: reason=unstable_if action=reinterpret pc=0x00000000028a8724 method=com.sun.tools.javac.util.Position$LineMapImpl.build([CI)V @ 42
Event: 1.105 Thread 0x000000000237e000 Uncommon trap: reason=unstable_if action=reinterpret pc=0x00000000028b5dd8 method=com.sun.tools.javac.parser.Scanner.token(I)Lcom/sun/tools/javac/parser/Tokens$Token; @ 1
Event: 1.478 Thread 0x000000000237e000 Uncommon trap: reason=unstable_if action=reinterpret pc=0x0000000002983910 method=com.sun.tools.javac.parser.JavaTokenizer.readToken()Lcom/sun/tools/javac/parser/Tokens$Token; @ 1248
Event: 1.478 Thread 0x000000000237e000 Uncommon trap: reason=unstable_if action=reinterpret pc=0x000000000294cfe8 method=com.sun.tools.javac.parser.JavacParser.term3()Lcom/sun/tools/javac/tree/JCTree$JCExpression; @ 1985
Event: 1.780 Thread 0x000000000237e000 Uncommon trap: reason=unstable_if action=reinterpret pc=0x00000000028e4378 method=com.sun.tools.javac.util.ArrayUtils.ensureCapacity([BI)[B @ 3
Event: 2.053 Thread 0x000000000237e000 Uncommon trap: reason=unstable_if action=reinterpret pc=0x0000000002af8028 method=com.sun.tools.javac.code.Scope.getIndex(Lcom/sun/tools/javac/util/Name;)I @ 60
Event: 2.084 Thread 0x000000000237e000 Uncommon trap: reason=unstable_if action=reinterpret pc=0x0000000002b4fcb4 method=com.sun.tools.javac.code.Scope.getIndex(Lcom/sun/tools/javac/util/Name;)I @ 45
Event: 2.084 Thread 0x000000000237e000 Uncommon trap: reason=unstable_if action=reinterpret pc=0x0000000002b3b454 method=com.sun.tools.javac.code.Scope.getIndex(Lcom/sun/tools/javac/util/Name;)I @ 45

Classes redefined (0 events):
No events

Internal exceptions (10 events):
Event: 0.027 Thread 0x000000000237e000 Exception <a 'java/lang/NoSuchMethodError': Method sun.misc.Unsafe.defineClass(Ljava/lang/String;[BII)Ljava/lang/Class; name or signature does not match> (0x00000000d5b87cd8) thrown at [D:\j\worksp~1\openjd~3\jdk8u\hotspot\src\share\vm\prims\jni.cpp, line
Event: 0.027 Thread 0x000000000237e000 Exception <a 'java/lang/NoSuchMethodError': Method sun.misc.Unsafe.prefetchRead(Ljava/lang/Object;J)V name or signature does not match> (0x00000000d5b87fc0) thrown at [D:\j\worksp~1\openjd~3\jdk8u\hotspot\src\share\vm\prims\jni.cpp, line 4012]
Event: 0.131 Thread 0x000000000237e000 Exception <a 'java/security/PrivilegedActionException'> (0x00000000d5cf55e8) thrown at [D:\j\worksp~1\openjd~3\jdk8u\hotspot\src\share\vm\prims\jvm.cpp, line 1508]
Event: 0.131 Thread 0x000000000237e000 Exception <a 'java/security/PrivilegedActionException'> (0x00000000d5cf59e0) thrown at [D:\j\worksp~1\openjd~3\jdk8u\hotspot\src\share\vm\prims\jvm.cpp, line 1508]
Event: 0.132 Thread 0x000000000237e000 Exception <a 'java/security/PrivilegedActionException'> (0x00000000d5cf9ee8) thrown at [D:\j\worksp~1\openjd~3\jdk8u\hotspot\src\share\vm\prims\jvm.cpp, line 1508]
Event: 0.132 Thread 0x000000000237e000 Exception <a 'java/security/PrivilegedActionException'> (0x00000000d5cfa2e0) thrown at [D:\j\worksp~1\openjd~3\jdk8u\hotspot\src\share\vm\prims\jvm.cpp, line 1508]
Event: 0.132 Thread 0x000000000237e000 Exception <a 'java/security/PrivilegedActionException'> (0x00000000d5cfbc08) thrown at [D:\j\worksp~1\openjd~3\jdk8u\hotspot\src\share\vm\prims\jvm.cpp, line 1508]
Event: 0.132 Thread 0x000000000237e000 Exception <a 'java/security/PrivilegedActionException'> (0x00000000d5cfc000) thrown at [D:\j\worksp~1\openjd~3\jdk8u\hotspot\src\share\vm\prims\jvm.cpp, line 1508]
Event: 0.138 Thread 0x000000000237e000 Exception <a 'java/security/PrivilegedActionException'> (0x00000000d5b892d0) thrown at [D:\j\worksp~1\openjd~3\jdk8u\hotspot\src\share\vm\prims\jvm.cpp, line 1508]
Event: 0.138 Thread 0x000000000237e000 Exception <a 'java/security/PrivilegedActionException'> (0x00000000d5bb26b0) thrown at [D:\j\worksp~1\openjd~3\jdk8u\hotspot\src\share\vm\prims\jvm.cpp, line 1508]

Events (10 events):
Event: 2.084 Thread 0x000000000237e000 DEOPT PACKING pc=0x0000000002b3b454 sp=0x000000000247d980
Event: 2.084 Thread 0x000000000237e000 DEOPT UNPACKING pc=0x000000000263557b sp=0x000000000247d910 mode 2
Event: 2.105 loading class com/sun/tools/javac/code/SymbolMetadata
Event: 2.105 loading class com/sun/tools/javac/code/SymbolMetadata done
Event: 2.105 loading class com/sun/tools/javac/comp/MemberEnter$5
Event: 2.105 loading class com/sun/tools/javac/comp/MemberEnter$5 done
Event: 2.106 loading class com/sun/tools/javac/comp/MemberEnter$6
Event: 2.106 loading class com/sun/tools/javac/comp/MemberEnter$6 done
Event: 2.138 loading class java/io/DataInputStream
Event: 2.143 loading class java/io/DataInputStream done


Dynamic libraries:
0x00007ff7fe8a0000 - 0x00007ff7fe8a7000 	C:\Program Files\Android\Jdk\microsoft_dist_openjdk_1.8.0.25\bin\javac.exe
0x00007ffb58460000 - 0x00007ffb58650000 	C:\WINDOWS\SYSTEM32\ntdll.dll
0x00007ffb56cc0000 - 0x00007ffb56d72000 	C:\WINDOWS\System32\KERNEL32.DLL
0x00007ffb56060000 - 0x00007ffb56305000 	C:\WINDOWS\System32\KERNELBASE.dll
0x00007ffb46840000 - 0x00007ffb4686f000 	C:\Program Files\Android\Jdk\microsoft_dist_openjdk_1.8.0.25\bin\jli.dll
0x0000000064ea0000 - 0x0000000064f71000 	C:\Program Files\Android\Jdk\microsoft_dist_openjdk_1.8.0.25\bin\MSVCR100.dll
0x00007ffb56c10000 - 0x00007ffb56cb3000 	C:\WINDOWS\System32\ADVAPI32.dll
0x00007ffb57750000 - 0x00007ffb577ee000 	C:\WINDOWS\System32\msvcrt.dll
0x00007ffb56510000 - 0x00007ffb565a7000 	C:\WINDOWS\System32\sechost.dll
0x00007ffb566f0000 - 0x00007ffb56810000 	C:\WINDOWS\System32\RPCRT4.dll
0x00007ffb568f0000 - 0x00007ffb56a84000 	C:\WINDOWS\System32\USER32.dll
0x00007ffb557a0000 - 0x00007ffb557c1000 	C:\WINDOWS\System32\win32u.dll
0x00007ffb47c70000 - 0x00007ffb47ef4000 	C:\WINDOWS\WinSxS\amd64_microsoft.windows.common-controls_6595b64144ccf1df_6.0.18362.1256_none_9e7e379be45e40e2\COMCTL32.dll
0x00007ffb56ed0000 - 0x00007ffb56ef6000 	C:\WINDOWS\System32\GDI32.dll
0x00007ffb57160000 - 0x00007ffb57496000 	C:\WINDOWS\System32\combase.dll
0x00007ffb553d0000 - 0x00007ffb55566000 	C:\WINDOWS\System32\gdi32full.dll
0x00007ffb56380000 - 0x00007ffb5647a000 	C:\WINDOWS\System32\ucrtbase.dll
0x00007ffb55f60000 - 0x00007ffb55ffe000 	C:\WINDOWS\System32\msvcp_win.dll
0x00007ffb56480000 - 0x00007ffb56501000 	C:\WINDOWS\System32\bcryptPrimitives.dll
0x00007ffb57720000 - 0x00007ffb5774e000 	C:\WINDOWS\System32\IMM32.DLL
0x00000000657d0000 - 0x00000000658a1000 	C:\Program Files\Android\Jdk\microsoft_dist_openjdk_1.8.0.25\jre\bin\msvcr100.dll
0x0000000064f80000 - 0x00000000657c5000 	C:\Program Files\Android\Jdk\microsoft_dist_openjdk_1.8.0.25\jre\bin\server\jvm.dll
0x00007ffb56eb0000 - 0x00007ffb56eb8000 	C:\WINDOWS\System32\PSAPI.DLL
0x00007ffb53270000 - 0x00007ffb53294000 	C:\WINDOWS\SYSTEM32\WINMM.dll
0x00007ffb51dc0000 - 0x00007ffb51dc9000 	C:\WINDOWS\SYSTEM32\WSOCK32.dll
0x00007ffb50550000 - 0x00007ffb5055a000 	C:\WINDOWS\SYSTEM32\VERSION.dll
0x00007ffb57060000 - 0x00007ffb570cf000 	C:\WINDOWS\System32\WS2_32.dll
0x00007ffb53240000 - 0x00007ffb5326d000 	C:\WINDOWS\SYSTEM32\WINMMBASE.dll
0x00007ffb56310000 - 0x00007ffb5635a000 	C:\WINDOWS\System32\cfgmgr32.dll
0x00007ffb51db0000 - 0x00007ffb51dbf000 	C:\Program Files\Android\Jdk\microsoft_dist_openjdk_1.8.0.25\jre\bin\verify.dll
0x00007ffb43720000 - 0x00007ffb43749000 	C:\Program Files\Android\Jdk\microsoft_dist_openjdk_1.8.0.25\jre\bin\java.dll
0x00007ffb4ba20000 - 0x00007ffb4ba36000 	C:\Program Files\Android\Jdk\microsoft_dist_openjdk_1.8.0.25\jre\bin\zip.dll
0x00007ffb57c60000 - 0x00007ffb58347000 	C:\WINDOWS\System32\SHELL32.dll
0x00007ffb56e00000 - 0x00007ffb56ea9000 	C:\WINDOWS\System32\shcore.dll
0x00007ffb557d0000 - 0x00007ffb55f51000 	C:\WINDOWS\System32\windows.storage.dll
0x00007ffb55310000 - 0x00007ffb55333000 	C:\WINDOWS\System32\profapi.dll
0x00007ffb55360000 - 0x00007ffb553aa000 	C:\WINDOWS\System32\powrprof.dll
0x00007ffb55300000 - 0x00007ffb55310000 	C:\WINDOWS\System32\UMPDC.dll
0x00007ffb576b0000 - 0x00007ffb57702000 	C:\WINDOWS\System32\shlwapi.dll
0x00007ffb553b0000 - 0x00007ffb553c1000 	C:\WINDOWS\System32\kernel.appcore.dll
0x00007ffb56360000 - 0x00007ffb56377000 	C:\WINDOWS\System32\cryptsp.dll

VM Arguments:
jvm_args: -Dapplication.home=C:\Program Files\Android\Jdk\microsoft_dist_openjdk_1.8.0.25 -Xms8m -Dfile.encoding=UTF8 
java_command: com.sun.tools.javac.Main @C:\Users\hxz\AppData\Local\Temp\tmpC1EE.tmp -target 1.8 -source 1.8
java_class_path (initial): C:\Program Files\Android\Jdk\microsoft_dist_openjdk_1.8.0.25/lib/tools.jar;C:\Program Files\Android\Jdk\microsoft_dist_openjdk_1.8.0.25/classes
Launcher Type: SUN_STANDARD

Environment Variables:
PATH=C:\Program Files\Android\Jdk\microsoft_dist_openjdk_1.8.0.25\bin;C:\Program Files\AdoptOpenJDK\jdk-15.0.1.9-hotspot\bin;C:\Python39\Scripts\;C:\Python39\;C:\WINDOWS\system32;C:\WINDOWS;C:\WINDOWS\System32\Wbem;C:\WINDOWS\System32\WindowsPowerShell\v1.0\;C:\WINDOWS\System32\OpenSSH\;C:\Program Files\Git\cmd;C:\Program Files\nodejs\;C:\ProgramData\chocolatey\bin;C:\Program Files\PuTTY\;C:\Program Files\dotnet\;C:\Program Files (x86)\NVIDIA Corporation\PhysX\Common;C:\Program Files\NVIDIA Corporation\NVIDIA NvDLISR;C:\Users\hxz\.windows-build-tools\python27\;C:\Users\hxz\AppData\Local\Microsoft\WindowsApps;C:\Users\hxz\AppData\Local\Programs\Microsoft VS Code\bin;C:\Users\hxz\AppData\Roaming\npm;C:\Users\hxz\.dotnet\tools;C:\MinGW\bin;C:\Users\hxz\.dotnet\tools
USERNAME=hxz
OS=Windows_NT
PROCESSOR_IDENTIFIER=Intel64 Family 6 Model 42 Stepping 7, GenuineIntel



---------------  S Y S T E M  ---------------

OS: Windows 10.0 , 64 bit Build 18362 (10.0.18362.1110)

CPU:total 4 (initial active 4) (4 cores per cpu, 1 threads per core) family 6 model 42 stepping 7, cmov, cx8, fxsr, mmx, sse, sse2, sse3, ssse3, sse4.1, sse4.2, popcnt, avx, aes, clmul, tsc, tscinvbit

Memory: 4k page, physical 8310364k(308420k free), swap 33476188k(3076k free)

vm_info: OpenJDK 64-Bit Server VM (25.71-b00) for windows-amd64 JRE (1.8.0-25-microsoft-b00), built on Feb  7 2019 20:09:14 by "builder" with MS VC++ 10.0 (VS2010)

time: Sat Jan 16 00:11:11 2021
timezone: GMT Standard Time
elapsed time: 2 seconds (0d 0h 0m 2s)

