#
# There is insufficient memory for the Java Runtime Environment to continue.
# Native memory allocation (malloc) failed to allocate 2646656 bytes for Chunk::new
# Possible reasons:
#   The system is out of physical RAM or swap space
#   The process is running with CompressedOops enabled, and the Java Heap may be blocking the growth of the native heap
# Possible solutions:
#   Reduce memory load on the system
#   Increase physical memory or swap space
#   Check if swap backing store is full
#   Decrease Java heap size (-Xmx/-Xms)
#   Decrease number of Java threads
#   Decrease Java thread stack sizes (-Xss)
#   Set larger code cache with -XX:ReservedCodeCacheSize=
#   JVM is running with Unscaled Compressed Oops mode in which the Java heap is
#     placed in the first 4GB address space. The Java Heap base address is the
#     maximum limit for the native heap growth. Please use -XX:HeapBaseMinAddress
#     to set the Java Heap base and to place the Java Heap above 4GB virtual address.
# This output file may be truncated or incomplete.
#
#  Out of Memory Error (allocation.cpp:389), pid=391968, tid=0x000000000005e600
#
# JRE version: OpenJDK Runtime Environment (8.0) (build 1.8.0-25-microsoft-b00)
# Java VM: OpenJDK 64-Bit Server VM (25.71-b00 mixed mode windows-amd64 compressed oops)
# Failed to write core dump. Minidumps are not enabled by default on client versions of Windows
#

---------------  T H R E A D  ---------------

Current thread (0x00000000157dd800):  JavaThread "C2 CompilerThread0" daemon [_thread_in_native, id=386560, stack(0x0000000016e30000,0x0000000016f30000)]

Stack: [0x0000000016e30000,0x0000000016f30000]
[error occurred during error reporting (printing stack bounds), id 0xc0000005]

Native frames: (J=compiled Java code, j=interpreted, Vv=VM code, C=native code)


Current CompileTask:
C2:  15907 4700       4       com.android.tools.r8.ir.regalloc.LinearScanRegisterAllocator::a (3993 bytes)


---------------  P R O C E S S  ---------------

Java Threads: ( => current thread )
  0x0000000017777000 JavaThread "ForkJoinPool-1-worker-0" daemon [_thread_in_Java, id=395984, stack(0x0000000018030000,0x0000000018130000)]
  0x0000000017774000 JavaThread "ForkJoinPool-1-worker-1" daemon [_thread_in_Java, id=395420, stack(0x0000000017f30000,0x0000000018030000)]
  0x000000001583b800 JavaThread "Service Thread" daemon [_thread_blocked, id=328580, stack(0x0000000017530000,0x0000000017630000)]
  0x00000000157ef000 JavaThread "C1 CompilerThread2" daemon [_thread_blocked, id=394628, stack(0x0000000017030000,0x0000000017130000)]
  0x00000000157e0800 JavaThread "C2 CompilerThread1" daemon [_thread_in_native, id=389564, stack(0x0000000016f30000,0x0000000017030000)]
=>0x00000000157dd800 JavaThread "C2 CompilerThread0" daemon [_thread_in_native, id=386560, stack(0x0000000016e30000,0x0000000016f30000)]
  0x00000000157ea000 JavaThread "Attach Listener" daemon [_thread_blocked, id=391800, stack(0x0000000016d30000,0x0000000016e30000)]
  0x00000000157e9000 JavaThread "Signal Dispatcher" daemon [_thread_blocked, id=395808, stack(0x0000000016c30000,0x0000000016d30000)]
  0x00000000157c8800 JavaThread "Finalizer" daemon [_thread_blocked, id=386608, stack(0x0000000016a30000,0x0000000016b30000)]
  0x0000000003104000 JavaThread "Reference Handler" daemon [_thread_blocked, id=379544, stack(0x0000000016930000,0x0000000016a30000)]
  0x0000000003012800 JavaThread "main" [_thread_blocked, id=380848, stack(0x0000000002e50000,0x0000000002f50000)]

Other Threads:
  0x00000000157a6000 VMThread [stack: 0x0000000016830000,0x0000000016930000] [id=395140]
  0x000000001583d000 WatcherThread [stack: 0x0000000017630000,0x0000000017730000] [id=383616]

VM state:not at safepoint (normal execution)

VM Mutex/Monitor currently owned by a thread: None

heap address: 0x00000000c0000000, size: 1024 MB, Compressed Oops mode: 32-bit
Narrow klass base: 0x0000000000000000, Narrow klass shift: 3
Compressed class space size: 1073741824 Address: 0x0000000100000000

Heap:
 PSYoungGen      total 305152K, used 216773K [0x00000000eab00000, 0x0000000100000000, 0x0000000100000000)
  eden space 300032K, 72% used [0x00000000eab00000,0x00000000f7eb1620,0x00000000fd000000)
  from space 5120K, 0% used [0x00000000fd000000,0x00000000fd000000,0x00000000fd500000)
  to   space 25088K, 0% used [0x00000000fe780000,0x00000000fe780000,0x0000000100000000)
 ParOldGen       total 104448K, used 40560K [0x00000000c0000000, 0x00000000c6600000, 0x00000000eab00000)
  object space 104448K, 38% used [0x00000000c0000000,0x00000000c279c288,0x00000000c6600000)
 Metaspace       used 15884K, capacity 16654K, committed 17024K, reserved 1064960K
  class space    used 1845K, capacity 2057K, committed 2176K, reserved 1048576K

Card table byte_map: [0x00000000124d0000,0x00000000126e0000] byte_map_base: 0x0000000011ed0000

Marking Bits: (ParMarkBitMap*) 0x0000000065748f30
 Begin Bits: [0x0000000012c40000, 0x0000000013c40000)
 End Bits:   [0x0000000013c40000, 0x0000000014c40000)

Polling page: 0x0000000001120000

CodeCache: size=245760Kb used=17419Kb max_used=17419Kb free=228340Kb
 bounds [0x0000000003110000, 0x0000000004230000, 0x0000000012110000]
 total_blobs=4388 nmethods=4036 adapters=263
 compilation: enabled

Compilation events (10 events):
Event: 15.860 Thread 0x00000000157ef000 4827       2       java.util.Iterator::forEachRemaining (30 bytes)
Event: 15.860 Thread 0x00000000157ef000 nmethod 4827 0x0000000004213390 code [0x0000000004213520, 0x00000000042137f8]
Event: 15.860 Thread 0x00000000157ef000 4826       2       java.util.Spliterators$IteratorSpliterator::forEachRemaining (58 bytes)
Event: 15.860 Thread 0x00000000157ef000 nmethod 4826 0x0000000004212e10 code [0x0000000004212fa0, 0x0000000004213258]
Event: 15.892 Thread 0x00000000157ef000 4829       2       com.android.tools.r8.ir.regalloc.a::a (74 bytes)
Event: 15.892 Thread 0x00000000157ef000 nmethod 4829 0x0000000004212ad0 code [0x0000000004212c20, 0x0000000004212d70]
Event: 15.895 Thread 0x00000000157ef000 4830       2       com.android.tools.r8.ir.optimize.h::a (136 bytes)
Event: 15.896 Thread 0x00000000157ef000 nmethod 4830 0x0000000004211dd0 code [0x0000000004211fe0, 0x00000000042125c8]
Event: 15.896 Thread 0x00000000157ef000 4831       2       com.android.tools.r8.ir.optimize.h::a (122 bytes)
Event: 15.896 Thread 0x00000000157ef000 nmethod 4831 0x0000000004211390 code [0x0000000004211580, 0x0000000004211978]

GC Heap History (10 events):
Event: 7.155 GC heap before
{Heap before GC invocations=8 (full 0):
 PSYoungGen      total 155648K, used 152414K [0x00000000eab00000, 0x00000000fdd00000, 0x0000000100000000)
  eden space 133120K, 100% used [0x00000000eab00000,0x00000000f2d00000,0x00000000f2d00000)
  from space 22528K, 85% used [0x00000000f2d00000,0x00000000f3fd7b40,0x00000000f4300000)
  to   space 23552K, 0% used [0x00000000fc600000,0x00000000fc600000,0x00000000fdd00000)
 ParOldGen       total 87552K, used 49321K [0x00000000c0000000, 0x00000000c5580000, 0x00000000eab00000)
  object space 87552K, 56% used [0x00000000c0000000,0x00000000c302a550,0x00000000c5580000)
 Metaspace       used 15623K, capacity 16434K, committed 16768K, reserved 1064960K
  class space    used 1848K, capacity 2077K, committed 2176K, reserved 1048576K
Event: 7.206 GC heap after
Heap after GC invocations=8 (full 0):
 PSYoungGen      total 289280K, used 18457K [0x00000000eab00000, 0x00000000fde00000, 0x0000000100000000)
  eden space 265728K, 0% used [0x00000000eab00000,0x00000000eab00000,0x00000000fae80000)
  from space 23552K, 78% used [0x00000000fc600000,0x00000000fd806598,0x00000000fdd00000)
  to   space 24064K, 0% used [0x00000000fae80000,0x00000000fae80000,0x00000000fc600000)
 ParOldGen       total 87552K, used 50608K [0x00000000c0000000, 0x00000000c5580000, 0x00000000eab00000)
  object space 87552K, 57% used [0x00000000c0000000,0x00000000c316c218,0x00000000c5580000)
 Metaspace       used 15623K, capacity 16434K, committed 16768K, reserved 1064960K
  class space    used 1848K, capacity 2077K, committed 2176K, reserved 1048576K
}
Event: 9.860 GC heap before
{Heap before GC invocations=9 (full 0):
 PSYoungGen      total 289280K, used 284185K [0x00000000eab00000, 0x00000000fde00000, 0x0000000100000000)
  eden space 265728K, 100% used [0x00000000eab00000,0x00000000fae80000,0x00000000fae80000)
  from space 23552K, 78% used [0x00000000fc600000,0x00000000fd806598,0x00000000fdd00000)
  to   space 24064K, 0% used [0x00000000fae80000,0x00000000fae80000,0x00000000fc600000)
 ParOldGen       total 87552K, used 50608K [0x00000000c0000000, 0x00000000c5580000, 0x00000000eab00000)
  object space 87552K, 57% used [0x00000000c0000000,0x00000000c316c218,0x00000000c5580000)
 Metaspace       used 15759K, capacity 16568K, committed 16768K, reserved 1064960K
  class space    used 1856K, capacity 2078K, committed 2176K, reserved 1048576K
Event: 9.925 GC heap after
Heap after GC invocations=9 (full 0):
 PSYoungGen      total 289792K, used 10976K [0x00000000eab00000, 0x0000000100000000, 0x0000000100000000)
  eden space 265728K, 0% used [0x00000000eab00000,0x00000000eab00000,0x00000000fae80000)
  from space 24064K, 45% used [0x00000000fae80000,0x00000000fb938010,0x00000000fc600000)
  to   space 24064K, 0% used [0x00000000fe880000,0x00000000fe880000,0x0000000100000000)
 ParOldGen       total 87552K, used 61950K [0x00000000c0000000, 0x00000000c5580000, 0x00000000eab00000)
  object space 87552K, 70% used [0x00000000c0000000,0x00000000c3c7fa50,0x00000000c5580000)
 Metaspace       used 15759K, capacity 16568K, committed 16768K, reserved 1064960K
  class space    used 1856K, capacity 2078K, committed 2176K, reserved 1048576K
}
Event: 12.478 GC heap before
{Heap before GC invocations=10 (full 0):
 PSYoungGen      total 289792K, used 276704K [0x00000000eab00000, 0x0000000100000000, 0x0000000100000000)
  eden space 265728K, 100% used [0x00000000eab00000,0x00000000fae80000,0x00000000fae80000)
  from space 24064K, 45% used [0x00000000fae80000,0x00000000fb938010,0x00000000fc600000)
  to   space 24064K, 0% used [0x00000000fe880000,0x00000000fe880000,0x0000000100000000)
 ParOldGen       total 87552K, used 61950K [0x00000000c0000000, 0x00000000c5580000, 0x00000000eab00000)
  object space 87552K, 70% used [0x00000000c0000000,0x00000000c3c7fa50,0x00000000c5580000)
 Metaspace       used 15881K, capacity 16740K, committed 17024K, reserved 1064960K
  class space    used 1858K, capacity 2082K, committed 2176K, reserved 1048576K
Event: 12.510 GC heap after
Heap after GC invocations=10 (full 0):
 PSYoungGen      total 324096K, used 7940K [0x00000000eab00000, 0x0000000100000000, 0x0000000100000000)
  eden space 300032K, 0% used [0x00000000eab00000,0x00000000eab00000,0x00000000fd000000)
  from space 24064K, 32% used [0x00000000fe880000,0x00000000ff041120,0x0000000100000000)
  to   space 24576K, 0% used [0x00000000fd000000,0x00000000fd000000,0x00000000fe800000)
 ParOldGen       total 87552K, used 68643K [0x00000000c0000000, 0x00000000c5580000, 0x00000000eab00000)
  object space 87552K, 78% used [0x00000000c0000000,0x00000000c4308d90,0x00000000c5580000)
 Metaspace       used 15881K, capacity 16740K, committed 17024K, reserved 1064960K
  class space    used 1858K, capacity 2082K, committed 2176K, reserved 1048576K
}
Event: 14.214 GC heap before
{Heap before GC invocations=11 (full 0):
 PSYoungGen      total 324096K, used 307972K [0x00000000eab00000, 0x0000000100000000, 0x0000000100000000)
  eden space 300032K, 100% used [0x00000000eab00000,0x00000000fd000000,0x00000000fd000000)
  from space 24064K, 32% used [0x00000000fe880000,0x00000000ff041120,0x0000000100000000)
  to   space 24576K, 0% used [0x00000000fd000000,0x00000000fd000000,0x00000000fe800000)
 ParOldGen       total 87552K, used 68643K [0x00000000c0000000, 0x00000000c5580000, 0x00000000eab00000)
  object space 87552K, 78% used [0x00000000c0000000,0x00000000c4308d90,0x00000000c5580000)
 Metaspace       used 15917K, capacity 16744K, committed 17024K, reserved 1064960K
  class space    used 1858K, capacity 2082K, committed 2176K, reserved 1048576K
Event: 14.267 GC heap after
Heap after GC invocations=11 (full 0):
 PSYoungGen      total 305152K, used 4676K [0x00000000eab00000, 0x0000000100000000, 0x0000000100000000)
  eden space 300032K, 0% used [0x00000000eab00000,0x00000000eab00000,0x00000000fd000000)
  from space 5120K, 91% used [0x00000000fd000000,0x00000000fd4910e0,0x00000000fd500000)
  to   space 25088K, 0% used [0x00000000fe780000,0x00000000fe780000,0x0000000100000000)
 ParOldGen       total 87552K, used 76331K [0x00000000c0000000, 0x00000000c5580000, 0x00000000eab00000)
  object space 87552K, 87% used [0x00000000c0000000,0x00000000c4a8ada0,0x00000000c5580000)
 Metaspace       used 15917K, capacity 16744K, committed 17024K, reserved 1064960K
  class space    used 1858K, capacity 2082K, committed 2176K, reserved 1048576K
}
Event: 14.268 GC heap before
{Heap before GC invocations=12 (full 1):
 PSYoungGen      total 305152K, used 4676K [0x00000000eab00000, 0x0000000100000000, 0x0000000100000000)
  eden space 300032K, 0% used [0x00000000eab00000,0x00000000eab00000,0x00000000fd000000)
  from space 5120K, 91% used [0x00000000fd000000,0x00000000fd4910e0,0x00000000fd500000)
  to   space 25088K, 0% used [0x00000000fe780000,0x00000000fe780000,0x0000000100000000)
 ParOldGen       total 87552K, used 76331K [0x00000000c0000000, 0x00000000c5580000, 0x00000000eab00000)
  object space 87552K, 87% used [0x00000000c0000000,0x00000000c4a8ada0,0x00000000c5580000)
 Metaspace       used 15917K, capacity 16744K, committed 17024K, reserved 1064960K
  class space    used 1858K, capacity 2082K, committed 2176K, reserved 1048576K
Event: 14.625 GC heap after
Heap after GC invocations=12 (full 1):
 PSYoungGen      total 305152K, used 0K [0x00000000eab00000, 0x0000000100000000, 0x0000000100000000)
  eden space 300032K, 0% used [0x00000000eab00000,0x00000000eab00000,0x00000000fd000000)
  from space 5120K, 0% used [0x00000000fd000000,0x00000000fd000000,0x00000000fd500000)
  to   space 25088K, 0% used [0x00000000fe780000,0x00000000fe780000,0x0000000100000000)
 ParOldGen       total 104448K, used 40560K [0x00000000c0000000, 0x00000000c6600000, 0x00000000eab00000)
  object space 104448K, 38% used [0x00000000c0000000,0x00000000c279c288,0x00000000c6600000)
 Metaspace       used 15879K, capacity 16650K, committed 17024K, reserved 1064960K
  class space    used 1844K, capacity 2057K, committed 2176K, reserved 1048576K
}

Deoptimization events (10 events):
Event: 14.926 Thread 0x0000000017774000 Uncommon trap: reason=bimorphic action=maybe_recompile pc=0x000000000367ff90 method=com.android.tools.r8.ir.analysis.type.k.r()Z @ 36
Event: 14.926 Thread 0x0000000017774000 Uncommon trap: reason=bimorphic action=maybe_recompile pc=0x000000000367ff90 method=com.android.tools.r8.ir.analysis.type.k.r()Z @ 36
Event: 14.926 Thread 0x0000000017774000 Uncommon trap: reason=bimorphic action=maybe_recompile pc=0x00000000036b1fe0 method=com.android.tools.r8.ir.analysis.type.k.r()Z @ 36
Event: 14.928 Thread 0x0000000017774000 Uncommon trap: reason=bimorphic action=maybe_recompile pc=0x0000000003ae12f0 method=com.android.tools.r8.u.b.i1.a(Lcom/android/tools/r8/ir/analysis/type/k;)Lcom/android/tools/r8/u/b/i1; @ 23
Event: 15.030 Thread 0x0000000017774000 Uncommon trap: reason=class_check action=maybe_recompile pc=0x00000000036bb7c4 method=com.android.tools.r8.ir.regalloc.LinearScanRegisterAllocator.a(Ljava/util/function/Predicate;Ljava/util/function/BiPredicate;ILcom/android/tools/r8/ir/regalloc/a;IZLcom/
Event: 15.030 Thread 0x0000000017774000 Uncommon trap: reason=class_check action=maybe_recompile pc=0x00000000036bb7c4 method=com.android.tools.r8.ir.regalloc.LinearScanRegisterAllocator.a(Ljava/util/function/Predicate;Ljava/util/function/BiPredicate;ILcom/android/tools/r8/ir/regalloc/a;IZLcom/
Event: 15.030 Thread 0x0000000017774000 Uncommon trap: reason=class_check action=maybe_recompile pc=0x00000000036bb7c4 method=com.android.tools.r8.ir.regalloc.LinearScanRegisterAllocator.a(Ljava/util/function/Predicate;Ljava/util/function/BiPredicate;ILcom/android/tools/r8/ir/regalloc/a;IZLcom/
Event: 15.578 Thread 0x0000000017774000 Uncommon trap: reason=unstable_if action=reinterpret pc=0x0000000003d629e8 method=java.util.Arrays.equals([Ljava/lang/Object;[Ljava/lang/Object;)Z @ 65
Event: 15.578 Thread 0x0000000017774000 Uncommon trap: reason=unstable_if action=reinterpret pc=0x00000000036395fc method=java.util.Arrays.equals([Ljava/lang/Object;[Ljava/lang/Object;)Z @ 65
Event: 15.578 Thread 0x0000000017774000 Uncommon trap: reason=unstable_if action=reinterpret pc=0x000000000377f310 method=java.util.Arrays.equals([Ljava/lang/Object;[Ljava/lang/Object;)Z @ 65

Classes redefined (0 events):
No events

Internal exceptions (10 events):
Event: 1.009 Thread 0x0000000003012800 Implicit null exception at 0x000000000337cdfc to 0x000000000337d791
Event: 1.026 Thread 0x0000000003012800 Implicit null exception at 0x000000000336ada5 to 0x000000000336b3dd
Event: 1.027 Thread 0x0000000003012800 Implicit null exception at 0x000000000336cef8 to 0x000000000336d3a1
Event: 1.402 Thread 0x0000000017774000 Implicit null exception at 0x0000000003498c27 to 0x00000000034994e1
Event: 2.994 Thread 0x0000000017777000 Exception <a 'java/lang/NoSuchMethodError': java.lang.Object.lambda$comparingInt$7b0bb60$1(Ljava/util/function/ToIntFunction;Ljava/lang/Object;Ljava/lang/Object;)I> (0x00000000eb889280) thrown at [D:\j\worksp~1\openjd~3\jdk8u\hotspot\src\share\vm\interpre
Event: 2.994 Thread 0x0000000017774000 Exception <a 'java/lang/NoSuchMethodError': java.lang.Object.lambda$comparingInt$7b0bb60$1(Ljava/util/function/ToIntFunction;Ljava/lang/Object;Ljava/lang/Object;)I> (0x00000000eb9318b0) thrown at [D:\j\worksp~1\openjd~3\jdk8u\hotspot\src\share\vm\interpre
Event: 2.995 Thread 0x0000000017774000 Exception <a 'java/lang/NoSuchMethodError': java.lang.Object.lambda$maxBy$1(Ljava/util/Comparator;Ljava/lang/Object;Ljava/lang/Object;)Ljava/lang/Object;> (0x00000000eb93d740) thrown at [D:\j\worksp~1\openjd~3\jdk8u\hotspot\src\share\vm\interpreter\linkRe
Event: 2.995 Thread 0x0000000017777000 Exception <a 'java/lang/NoSuchMethodError': java.lang.Object.lambda$maxBy$1(Ljava/util/Comparator;Ljava/lang/Object;Ljava/lang/Object;)Ljava/lang/Object;> (0x00000000eb895008) thrown at [D:\j\worksp~1\openjd~3\jdk8u\hotspot\src\share\vm\interpreter\linkRe
Event: 3.057 Thread 0x0000000017774000 Implicit null exception at 0x0000000003591cef to 0x0000000003591f35
Event: 4.765 Thread 0x0000000017774000 Implicit null exception at 0x000000000348fce8 to 0x0000000003490349

Events (10 events):
Event: 15.838 Thread 0x0000000017777000 DEOPT PACKING pc=0x0000000003fe0fd9 sp=0x000000001812e420
Event: 15.838 Thread 0x0000000017777000 DEOPT UNPACKING pc=0x00000000031575d0 sp=0x000000001812e488 mode 0
Event: 15.850 Thread 0x0000000017774000 DEOPT PACKING pc=0x0000000003a8e2b1 sp=0x000000001802e430
Event: 15.850 Thread 0x0000000017774000 DEOPT UNPACKING pc=0x00000000031575d0 sp=0x000000001802e158 mode 0
Event: 15.857 Thread 0x0000000017774000 DEOPT PACKING pc=0x0000000003fe0fd9 sp=0x000000001802dea0
Event: 15.857 Thread 0x0000000017774000 DEOPT UNPACKING pc=0x00000000031575d0 sp=0x000000001802df08 mode 0
Event: 15.888 Thread 0x0000000017774000 DEOPT PACKING pc=0x0000000003bf0829 sp=0x000000001802e000
Event: 15.888 Thread 0x0000000017774000 DEOPT UNPACKING pc=0x00000000031575d0 sp=0x000000001802df10 mode 0
Event: 15.893 Thread 0x0000000017774000 DEOPT PACKING pc=0x0000000003fe0f73 sp=0x000000001802dab0
Event: 15.893 Thread 0x0000000017774000 DEOPT UNPACKING pc=0x00000000031575d0 sp=0x000000001802db18 mode 0


Dynamic libraries:
0x00007ff7606f0000 - 0x00007ff760725000 	C:\Program Files\Android\Jdk\microsoft_dist_openjdk_1.8.0.25\bin\java.exe
0x00007ffb58460000 - 0x00007ffb58650000 	C:\WINDOWS\SYSTEM32\ntdll.dll
0x00007ffb56cc0000 - 0x00007ffb56d72000 	C:\WINDOWS\System32\KERNEL32.DLL
0x00007ffb56060000 - 0x00007ffb56305000 	C:\WINDOWS\System32\KERNELBASE.dll
0x00007ffb56c10000 - 0x00007ffb56cb3000 	C:\WINDOWS\System32\ADVAPI32.dll
0x00007ffb57750000 - 0x00007ffb577ee000 	C:\WINDOWS\System32\msvcrt.dll
0x00007ffb56510000 - 0x00007ffb565a7000 	C:\WINDOWS\System32\sechost.dll
0x00007ffb566f0000 - 0x00007ffb56810000 	C:\WINDOWS\System32\RPCRT4.dll
0x00007ffb568f0000 - 0x00007ffb56a84000 	C:\WINDOWS\System32\USER32.dll
0x00007ffb557a0000 - 0x00007ffb557c1000 	C:\WINDOWS\System32\win32u.dll
0x00007ffb56ed0000 - 0x00007ffb56ef6000 	C:\WINDOWS\System32\GDI32.dll
0x00007ffb553d0000 - 0x00007ffb55566000 	C:\WINDOWS\System32\gdi32full.dll
0x00007ffb55f60000 - 0x00007ffb55ffe000 	C:\WINDOWS\System32\msvcp_win.dll
0x00007ffb56380000 - 0x00007ffb5647a000 	C:\WINDOWS\System32\ucrtbase.dll
0x00007ffb47c70000 - 0x00007ffb47ef4000 	C:\WINDOWS\WinSxS\amd64_microsoft.windows.common-controls_6595b64144ccf1df_6.0.18362.1256_none_9e7e379be45e40e2\COMCTL32.dll
0x00007ffb57160000 - 0x00007ffb57496000 	C:\WINDOWS\System32\combase.dll
0x00007ffb56480000 - 0x00007ffb56501000 	C:\WINDOWS\System32\bcryptPrimitives.dll
0x00007ffb57720000 - 0x00007ffb5774e000 	C:\WINDOWS\System32\IMM32.DLL
0x00000000657d0000 - 0x00000000658a1000 	C:\Program Files\Android\Jdk\microsoft_dist_openjdk_1.8.0.25\jre\bin\msvcr100.dll
0x0000000064f80000 - 0x00000000657c5000 	C:\Program Files\Android\Jdk\microsoft_dist_openjdk_1.8.0.25\jre\bin\server\jvm.dll
0x00007ffb56eb0000 - 0x00007ffb56eb8000 	C:\WINDOWS\System32\PSAPI.DLL
0x00007ffb51dc0000 - 0x00007ffb51dc9000 	C:\WINDOWS\SYSTEM32\WSOCK32.dll
0x00007ffb53270000 - 0x00007ffb53294000 	C:\WINDOWS\SYSTEM32\WINMM.dll
0x00007ffb57060000 - 0x00007ffb570cf000 	C:\WINDOWS\System32\WS2_32.dll
0x00007ffb50550000 - 0x00007ffb5055a000 	C:\WINDOWS\SYSTEM32\VERSION.dll
0x00007ffb53240000 - 0x00007ffb5326d000 	C:\WINDOWS\SYSTEM32\WINMMBASE.dll
0x00007ffb56310000 - 0x00007ffb5635a000 	C:\WINDOWS\System32\cfgmgr32.dll
0x00007ffb51db0000 - 0x00007ffb51dbf000 	C:\Program Files\Android\Jdk\microsoft_dist_openjdk_1.8.0.25\jre\bin\verify.dll
0x00007ffb43720000 - 0x00007ffb43749000 	C:\Program Files\Android\Jdk\microsoft_dist_openjdk_1.8.0.25\jre\bin\java.dll
0x00007ffb4ba20000 - 0x00007ffb4ba36000 	C:\Program Files\Android\Jdk\microsoft_dist_openjdk_1.8.0.25\jre\bin\zip.dll
0x00007ffb57c60000 - 0x00007ffb58347000 	C:\WINDOWS\System32\SHELL32.dll
0x00007ffb56e00000 - 0x00007ffb56ea9000 	C:\WINDOWS\System32\shcore.dll
0x00007ffb557d0000 - 0x00007ffb55f51000 	C:\WINDOWS\System32\windows.storage.dll
0x00007ffb55310000 - 0x00007ffb55333000 	C:\WINDOWS\System32\profapi.dll
0x00007ffb55360000 - 0x00007ffb553aa000 	C:\WINDOWS\System32\powrprof.dll
0x00007ffb55300000 - 0x00007ffb55310000 	C:\WINDOWS\System32\UMPDC.dll
0x00007ffb576b0000 - 0x00007ffb57702000 	C:\WINDOWS\System32\shlwapi.dll
0x00007ffb553b0000 - 0x00007ffb553c1000 	C:\WINDOWS\System32\kernel.appcore.dll
0x00007ffb56360000 - 0x00007ffb56377000 	C:\WINDOWS\System32\cryptsp.dll
0x00007ffb4b3c0000 - 0x00007ffb4b3da000 	C:\Program Files\Android\jdk\microsoft_dist_openjdk_1.8.0.25\jre\bin\net.dll
0x00007ffb54af0000 - 0x00007ffb54b57000 	C:\WINDOWS\system32\mswsock.dll
0x00007ffb46b00000 - 0x00007ffb46b11000 	C:\Program Files\Android\jdk\microsoft_dist_openjdk_1.8.0.25\jre\bin\nio.dll

VM Arguments:
jvm_args: -Xmx1G 
java_command: com.android.tools.r8.D8 --release --min-api 21 --output obj\Release\90\android\bin\ --lib C:\Program Files (x86)\Android\android-sdk\platforms\android-28\android.jar obj\Release\90\android\bin\classes.zip C:\Program Files (x86)\Microsoft Visual Studio\2019\Community\Common7\IDE\ReferenceAssemblies\Microsoft\Framework\MonoAndroid\v9.0\mono.android.jar C:\Program Files (x86)\Microsoft Visual Studio\2019\Community\MSBuild\Xamarin\Android\\java_runtime.jar obj\Release\90\lp\0\jl\formsviewgroup.jar obj\Release\90\lp\10\jl\com.android.support.support-annotations.jar obj\Release\90\lp\11\jl\bin\classes.jar obj\Release\90\lp\12\jl\com.android.support.collections.jar obj\Release\90\lp\13\jl\bin\classes.jar obj\Release\90\lp\14\jl\bin\classes.jar obj\Release\90\lp\15\jl\bin\classes.jar obj\Release\90\lp\16\jl\bin\classes.jar obj\Release\90\lp\17\jl\bin\classes.jar obj\Release\90\lp\18\jl\bin\classes.jar obj\Release\90\lp\19\jl\bin\classes.jar obj\Release\90\lp\2\jl\android.arch.core.common.jar obj\Release\90\lp\20\jl\bin\classes.jar obj\Release\90\lp\21\jl\bin\classes.jar obj\Release\90\lp\22\jl\bin\classes.jar obj\Release\90\lp\23\jl\bin\classes.jar obj\Release\90\lp\24\jl\bin\classes.jar obj\Release\90\lp\25\jl\bin\classes.jar obj\Release\90\lp\26\jl\bin\classes.jar obj\Release\90\lp\27\jl\bin\classes.jar obj\Release\90\lp\28\jl\bin\classes.jar obj\Release\90\lp\29\jl\bin\classes.jar obj\Release\90\lp\3\jl\bin\classes.jar obj\Release\90\lp\30\jl\bin\classes.jar obj\Release\90\lp\31\jl\bin\classes.jar obj\Release\90\lp\33\jl\bin\classes.jar obj\Release\90\lp\34\jl\bin\classes.jar obj\Release\90\lp\35\jl\bin\classes.jar obj\Release\90\lp\36\jl\bin\classes.jar obj\Release\90\lp\37\jl\bin\classes.jar obj\Release\90\lp\38\jl\bin\classes.jar obj\Release\90\lp\4\jl\android.arch.lifecycle.common.jar obj\Release\90\lp\5\jl\bin\classes.jar obj\Release\90\lp\6\jl\bin\classes.jar obj\Release\90\lp\7\jl\bin\classes.jar obj\Release\90\lp\8\jl\bin\classes.jar obj\Release\9
java_class_path (initial): C:\Program Files (x86)\Microsoft Visual Studio\2019\Community\MSBuild\Xamarin\Android\r8.jar
Launcher Type: SUN_STANDARD

Environment Variables:
PATH=C:\Program Files\Android\Jdk\microsoft_dist_openjdk_1.8.0.25\bin;C:\Program Files\AdoptOpenJDK\jdk-15.0.1.9-hotspot\bin;C:\Python39\Scripts\;C:\Python39\;C:\WINDOWS\system32;C:\WINDOWS;C:\WINDOWS\System32\Wbem;C:\WINDOWS\System32\WindowsPowerShell\v1.0\;C:\WINDOWS\System32\OpenSSH\;C:\Program Files\Git\cmd;C:\Program Files\nodejs\;C:\ProgramData\chocolatey\bin;C:\Program Files\PuTTY\;C:\Program Files\dotnet\;C:\Program Files (x86)\NVIDIA Corporation\PhysX\Common;C:\Program Files\NVIDIA Corporation\NVIDIA NvDLISR;C:\Users\hxz\.windows-build-tools\python27\;C:\Users\hxz\AppData\Local\Microsoft\WindowsApps;C:\Users\hxz\AppData\Local\Programs\Microsoft VS Code\bin;C:\Users\hxz\AppData\Roaming\npm;C:\Users\hxz\.dotnet\tools;C:\MinGW\bin;C:\Users\hxz\.dotnet\tools
USERNAME=hxz
OS=Windows_NT
PROCESSOR_IDENTIFIER=Intel64 Family 6 Model 42 Stepping 7, GenuineIntel



---------------  S Y S T E M  ---------------

OS: Windows 10.0 , 64 bit Build 18362 (10.0.18362.1110)

CPU:total 4 (initial active 4) (4 cores per cpu, 1 threads per core) family 6 model 42 stepping 7, cmov, cx8, fxsr, mmx, sse, sse2, sse3, ssse3, sse4.1, sse4.2, popcnt, avx, aes, clmul, tsc, tscinvbit

Memory: 4k page, physical 8310364k(372560k free), swap 33476188k(3172k free)

vm_info: OpenJDK 64-Bit Server VM (25.71-b00) for windows-amd64 JRE (1.8.0-25-microsoft-b00), built on Feb  7 2019 20:09:14 by "builder" with MS VC++ 10.0 (VS2010)

time: Sat Jan 16 00:11:51 2021
timezone: GMT Standard Time
elapsed time: 15 seconds (0d 0h 0m 15s)

